{"numFailedTestSuites":1,"numFailedTests":11,"numPassedTestSuites":0,"numPassedTests":10,"numPendingTestSuites":0,"numPendingTests":0,"numRuntimeErrorTestSuites":0,"numTodoTests":0,"numTotalTestSuites":1,"numTotalTests":21,"openHandles":[],"snapshot":{"added":0,"didUpdate":false,"failure":false,"filesAdded":0,"filesRemoved":0,"filesRemovedList":[],"filesUnmatched":0,"filesUpdated":0,"matched":0,"total":0,"unchecked":0,"uncheckedKeysByFile":[],"unmatched":0,"updated":0},"startTime":1762098430079,"success":false,"testResults":[{"assertionResults":[{"ancestorTitles":["RealTimeParameterControls","Rendering and Structure"],"duration":30,"failing":false,"failureDetails":[],"failureMessages":[],"fullName":"RealTimeParameterControls Rendering and Structure renders all six parameter sliders","invocations":1,"location":null,"numPassingAsserts":6,"retryReasons":[],"startAt":1762098430522,"status":"passed","title":"renders all six parameter sliders"},{"ancestorTitles":["RealTimeParameterControls","Rendering and Structure"],"duration":9,"failing":false,"failureDetails":[],"failureMessages":[],"fullName":"RealTimeParameterControls Rendering and Structure shows connection status indicator","invocations":1,"location":null,"numPassingAsserts":2,"retryReasons":[],"startAt":1762098430552,"status":"passed","title":"shows connection status indicator"},{"ancestorTitles":["RealTimeParameterControls","Rendering and Structure"],"duration":34,"failing":false,"failureDetails":[],"failureMessages":[],"fullName":"RealTimeParameterControls Rendering and Structure disables sliders when disconnected","invocations":1,"location":null,"numPassingAsserts":6,"retryReasons":[],"startAt":1762098430561,"status":"passed","title":"disables sliders when disconnected"},{"ancestorTitles":["RealTimeParameterControls","Rendering and Structure"],"duration":20,"failing":false,"failureDetails":[],"failureMessages":[],"fullName":"RealTimeParameterControls Rendering and Structure shows control buttons","invocations":1,"location":null,"numPassingAsserts":2,"retryReasons":[],"startAt":1762098430595,"status":"passed","title":"shows control buttons"},{"ancestorTitles":["RealTimeParameterControls","Parameter Updates and Coalescing"],"duration":74,"failing":false,"failureDetails":[{"name":"TestingLibraryElementError"}],"failureMessages":["TestingLibraryElementError: Unable to find an accessible element with the role \"slider\" and name `/brightness/i`\n\nHere are the accessible roles:\n\n  heading:\n\n  Name \"Real-Time Parameters\":\n  \u001b[36m<h2\u001b[39m\n    \u001b[33mclass\u001b[39m=\u001b[32m\"text-lg font-semibold text-[var(--prism-text-primary)]\"\u001b[39m\n  \u001b[36m/>\u001b[39m\n\n  --------------------------------------------------\n  paragraph:\n\n  Name \"\":\n  \u001b[36m<p\u001b[39m\n    \u001b[33mclass\u001b[39m=\u001b[32m\"text-sm text-[var(--prism-text-secondary)]\"\u001b[39m\n  \u001b[36m/>\u001b[39m\n\n  --------------------------------------------------\n  img:\n\n  Name \"Brightness\":\n  \u001b[36m<span\u001b[39m\n    \u001b[33maria-label\u001b[39m=\u001b[32m\"Brightness\"\u001b[39m\n    \u001b[33mclass\u001b[39m=\u001b[32m\"text-lg\"\u001b[39m\n    \u001b[33mrole\u001b[39m=\u001b[32m\"img\"\u001b[39m\n  \u001b[36m/>\u001b[39m\n\n  Name \"Speed\":\n  \u001b[36m<span\u001b[39m\n    \u001b[33maria-label\u001b[39m=\u001b[32m\"Speed\"\u001b[39m\n    \u001b[33mclass\u001b[39m=\u001b[32m\"text-lg\"\u001b[39m\n    \u001b[33mrole\u001b[39m=\u001b[32m\"img\"\u001b[39m\n  \u001b[36m/>\u001b[39m\n\n  Name \"Saturation\":\n  \u001b[36m<span\u001b[39m\n    \u001b[33maria-label\u001b[39m=\u001b[32m\"Saturation\"\u001b[39m\n    \u001b[33mclass\u001b[39m=\u001b[32m\"text-lg\"\u001b[39m\n    \u001b[33mrole\u001b[39m=\u001b[32m\"img\"\u001b[39m\n  \u001b[36m/>\u001b[39m\n\n  Name \"Warmth\":\n  \u001b[36m<span\u001b[39m\n    \u001b[33maria-label\u001b[39m=\u001b[32m\"Warmth\"\u001b[39m\n    \u001b[33mclass\u001b[39m=\u001b[32m\"text-lg\"\u001b[39m\n    \u001b[33mrole\u001b[39m=\u001b[32m\"img\"\u001b[39m\n  \u001b[36m/>\u001b[39m\n\n  Name \"Softness\":\n  \u001b[36m<span\u001b[39m\n    \u001b[33maria-label\u001b[39m=\u001b[32m\"Softness\"\u001b[39m\n    \u001b[33mclass\u001b[39m=\u001b[32m\"text-lg\"\u001b[39m\n    \u001b[33mrole\u001b[39m=\u001b[32m\"img\"\u001b[39m\n  \u001b[36m/>\u001b[39m\n\n  Name \"Background\":\n  \u001b[36m<span\u001b[39m\n    \u001b[33maria-label\u001b[39m=\u001b[32m\"Background\"\u001b[39m\n    \u001b[33mclass\u001b[39m=\u001b[32m\"text-lg\"\u001b[39m\n    \u001b[33mrole\u001b[39m=\u001b[32m\"img\"\u001b[39m\n  \u001b[36m/>\u001b[39m\n\n  --------------------------------------------------\n  spinbutton:\n\n  Name \"Brightness value\":\n  \u001b[36m<input\u001b[39m\n    \u001b[33maria-label\u001b[39m=\u001b[32m\"Brightness value\"\u001b[39m\n    \u001b[33mclass\u001b[39m=\u001b[32m\"file:text-foreground placeholder:text-muted-foreground selection:bg-primary selection:text-primary-foreground dark:bg-input/30 flex min-w-0 rounded-md border px-3 py-1 transition-[color,box-shadow] outline-none file:inline-flex file:h-7 file:border-0 file:bg-transparent file:text-sm file:font-medium disabled:pointer-events-none disabled:cursor-not-allowed disabled:opacity-50 md:text-sm focus-visible:border-ring focus-visible:ring-ring/50 focus-visible:ring-[3px] aria-invalid:ring-destructive/20 dark:aria-invalid:ring-destructive/40 aria-invalid:border-destructive w-16 h-7 text-xs text-center font-mono bg-[var(--prism-bg-canvas)] border-[var(--prism-bg-elevated)]\"\u001b[39m\n    \u001b[33mdata-slot\u001b[39m=\u001b[32m\"input\"\u001b[39m\n    \u001b[33mid\u001b[39m=\u001b[32m\"param-brightness-input\"\u001b[39m\n    \u001b[33mmax\u001b[39m=\u001b[32m\"100\"\u001b[39m\n    \u001b[33mmin\u001b[39m=\u001b[32m\"0\"\u001b[39m\n    \u001b[33mstep\u001b[39m=\u001b[32m\"1\"\u001b[39m\n    \u001b[33mtype\u001b[39m=\u001b[32m\"number\"\u001b[39m\n    \u001b[33mvalue\u001b[39m=\u001b[32m\"75\"\u001b[39m\n  \u001b[36m/>\u001b[39m\n\n  Name \"Speed value\":\n  \u001b[36m<input\u001b[39m\n    \u001b[33maria-label\u001b[39m=\u001b[32m\"Speed value\"\u001b[39m\n    \u001b[33mclass\u001b[39m=\u001b[32m\"file:text-foreground placeholder:text-muted-foreground selection:bg-primary selection:text-primary-foreground dark:bg-input/30 flex min-w-0 rounded-md border px-3 py-1 transition-[color,box-shadow] outline-none file:inline-flex file:h-7 file:border-0 file:bg-transparent file:text-sm file:font-medium disabled:pointer-events-none disabled:cursor-not-allowed disabled:opacity-50 md:text-sm focus-visible:border-ring focus-visible:ring-ring/50 focus-visible:ring-[3px] aria-invalid:ring-destructive/20 dark:aria-invalid:ring-destructive/40 aria-invalid:border-destructive w-16 h-7 text-xs text-center font-mono bg-[var(--prism-bg-canvas)] border-[var(--prism-bg-elevated)]\"\u001b[39m\n    \u001b[33mdata-slot\u001b[39m=\u001b[32m\"input\"\u001b[39m\n    \u001b[33mid\u001b[39m=\u001b[32m\"param-speed-input\"\u001b[39m\n    \u001b[33mmax\u001b[39m=\u001b[32m\"100\"\u001b[39m\n    \u001b[33mmin\u001b[39m=\u001b[32m\"0\"\u001b[39m\n    \u001b[33mstep\u001b[39m=\u001b[32m\"1\"\u001b[39m\n    \u001b[33mtype\u001b[39m=\u001b[32m\"number\"\u001b[39m\n    \u001b[33mvalue\u001b[39m=\u001b[32m\"50\"\u001b[39m\n  \u001b[36m/>\u001b[39m\n\n  Name \"Saturation value\":\n  \u001b[36m<input\u001b[39m\n    \u001b[33maria-label\u001b[39m=\u001b[32m\"Saturation value\"\u001b[39m\n    \u001b[33mclass\u001b[39m=\u001b[32m\"file:text-foreground placeholder:text-muted-foreground selection:bg-primary selection:text-primary-foreground dark:bg-input/30 flex min-w-0 rounded-md border px-3 py-1 transition-[color,box-shadow] outline-none file:inline-flex file:h-7 file:border-0 file:bg-transparent file:text-sm file:font-medium disabled:pointer-events-none disabled:cursor-not-allowed disabled:opacity-50 md:text-sm focus-visible:border-ring focus-visible:ring-ring/50 focus-visible:ring-[3px] aria-invalid:ring-destructive/20 dark:aria-invalid:ring-destructive/40 aria-invalid:border-destructive w-16 h-7 text-xs text-center font-mono bg-[var(--prism-bg-canvas)] border-[var(--prism-bg-elevated)]\"\u001b[39m\n    \u001b[33mdata-slot\u001b[39m=\u001b[32m\"input\"\u001b[39m\n    \u001b[33mid\u001b[39m=\u001b[32m\"param-saturation-input\"\u001b[39m\n    \u001b[33mmax\u001b[39m=\u001b[32m\"100\"\u001b[39m\n    \u001b[33mmin\u001b[39m=\u001b[32m\"0\"\u001b[39m\n    \u001b[33mstep\u001b[39m=\u001b[32m\"1\"\u001b[39m\n    \u001b[33mtype\u001b[39m=\u001b[32m\"number\"\u001b[39m\n    \u001b[33mvalue\u001b[39m=\u001b[32m\"80\"\u001b[39m\n  \u001b[36m/>\u001b[39m\n\n  Name \"Warmth value\":\n  \u001b[36m<input\u001b[39m\n    \u001b[33maria-label\u001b[39m=\u001b[32m\"Warmth value\"\u001b[39m\n    \u001b[33mclass\u001b[39m=\u001b[32m\"file:text-foreground placeholder:text-muted-foreground selection:bg-primary selection:text-primary-foreground dark:bg-input/30 flex min-w-0 rounded-md border px-3 py-1 transition-[color,box-shadow] outline-none file:inline-flex file:h-7 file:border-0 file:bg-transparent file:text-sm file:font-medium disabled:pointer-events-none disabled:cursor-not-allowed disabled:opacity-50 md:text-sm focus-visible:border-ring focus-visible:ring-ring/50 focus-visible:ring-[3px] aria-invalid:ring-destructive/20 dark:aria-invalid:ring-destructive/40 aria-invalid:border-destructive w-16 h-7 text-xs text-center font-mono bg-[var(--prism-bg-canvas)] border-[var(--prism-bg-elevated)]\"\u001b[39m\n    \u001b[33mdata-slot\u001b[39m=\u001b[32m\"input\"\u001b[39m\n    \u001b[33mid\u001b[39m=\u001b[32m\"param-warmth-input\"\u001b[39m\n    \u001b[33mmax\u001b[39m=\u001b[32m\"100\"\u001b[39m\n    \u001b[33mmin\u001b[39m=\u001b[32m\"0\"\u001b[39m\n    \u001b[33mstep\u001b[39m=\u001b[32m\"1\"\u001b[39m\n    \u001b[33mtype\u001b[39m=\u001b[32m\"number\"\u001b[39m\n    \u001b[33mvalue\u001b[39m=\u001b[32m\"50\"\u001b[39m\n  \u001b[36m/>\u001b[39m\n\n  Name \"Softness value\":\n  \u001b[36m<input\u001b[39m\n    \u001b[33maria-label\u001b[39m=\u001b[32m\"Softness value\"\u001b[39m\n    \u001b[33mclass\u001b[39m=\u001b[32m\"file:text-foreground placeholder:text-muted-foreground selection:bg-primary selection:text-primary-foreground dark:bg-input/30 flex min-w-0 rounded-md border px-3 py-1 transition-[color,box-shadow] outline-none file:inline-flex file:h-7 file:border-0 file:bg-transparent file:text-sm file:font-medium disabled:pointer-events-none disabled:cursor-not-allowed disabled:opacity-50 md:text-sm focus-visible:border-ring focus-visible:ring-ring/50 focus-visible:ring-[3px] aria-invalid:ring-destructive/20 dark:aria-invalid:ring-destructive/40 aria-invalid:border-destructive w-16 h-7 text-xs text-center font-mono bg-[var(--prism-bg-canvas)] border-[var(--prism-bg-elevated)]\"\u001b[39m\n    \u001b[33mdata-slot\u001b[39m=\u001b[32m\"input\"\u001b[39m\n    \u001b[33mid\u001b[39m=\u001b[32m\"param-softness-input\"\u001b[39m\n    \u001b[33mmax\u001b[39m=\u001b[32m\"100\"\u001b[39m\n    \u001b[33mmin\u001b[39m=\u001b[32m\"0\"\u001b[39m\n    \u001b[33mstep\u001b[39m=\u001b[32m\"1\"\u001b[39m\n    \u001b[33mtype\u001b[39m=\u001b[32m\"number\"\u001b[39m\n    \u001b[33mvalue\u001b[39m=\u001b[32m\"30\"\u001b[39m\n  \u001b[36m/>\u001b[39m\n\n  Name \"Background value\":\n  \u001b[36m<input\u001b[39m\n    \u001b[33maria-label\u001b[39m=\u001b[32m\"Background value\"\u001b[39m\n    \u001b[33mclass\u001b[39m=\u001b[32m\"file:text-foreground placeholder:text-muted-foreground selection:bg-primary selection:text-primary-foreground dark:bg-input/30 flex min-w-0 rounded-md border px-3 py-1 transition-[color,box-shadow] outline-none file:inline-flex file:h-7 file:border-0 file:bg-transparent file:text-sm file:font-medium disabled:pointer-events-none disabled:cursor-not-allowed disabled:opacity-50 md:text-sm focus-visible:border-ring focus-visible:ring-ring/50 focus-visible:ring-[3px] aria-invalid:ring-destructive/20 dark:aria-invalid:ring-destructive/40 aria-invalid:border-destructive w-16 h-7 text-xs text-center font-mono bg-[var(--prism-bg-canvas)] border-[var(--prism-bg-elevated)]\"\u001b[39m\n    \u001b[33mdata-slot\u001b[39m=\u001b[32m\"input\"\u001b[39m\n    \u001b[33mid\u001b[39m=\u001b[32m\"param-background-input\"\u001b[39m\n    \u001b[33mmax\u001b[39m=\u001b[32m\"100\"\u001b[39m\n    \u001b[33mmin\u001b[39m=\u001b[32m\"0\"\u001b[39m\n    \u001b[33mstep\u001b[39m=\u001b[32m\"1\"\u001b[39m\n    \u001b[33mtype\u001b[39m=\u001b[32m\"number\"\u001b[39m\n    \u001b[33mvalue\u001b[39m=\u001b[32m\"10\"\u001b[39m\n  \u001b[36m/>\u001b[39m\n\n  --------------------------------------------------\n  button:\n\n  Name \"Reset Brightness to default (75%)\":\n  \u001b[36m<button\u001b[39m\n    \u001b[33mclass\u001b[39m=\u001b[32m\"inline-flex items-center justify-center whitespace-nowrap text-sm font-medium transition-all disabled:pointer-events-none disabled:opacity-50 [&_svg]:pointer-events-none [&_svg:not([class*='size-'])]:size-4 shrink-0 [&_svg]:shrink-0 outline-none focus-visible:border-ring focus-visible:ring-ring/50 focus-visible:ring-[3px] aria-invalid:ring-destructive/20 dark:aria-invalid:ring-destructive/40 aria-invalid:border-destructive hover:bg-accent hover:text-accent-foreground dark:hover:bg-accent/50 rounded-md gap-1.5 has-[>svg]:px-2.5 h-7 w-7 p-0 opacity-60 hover:opacity-100\"\u001b[39m\n    \u001b[33mdata-slot\u001b[39m=\u001b[32m\"button\"\u001b[39m\n    \u001b[33mdisabled\u001b[39m=\u001b[32m\"\"\u001b[39m\n    \u001b[33mtitle\u001b[39m=\u001b[32m\"Reset Brightness to default (75%)\"\u001b[39m\n    \u001b[33mtype\u001b[39m=\u001b[32m\"button\"\u001b[39m\n  \u001b[36m/>\u001b[39m\n\n  Name \"Reset Speed to default (50%)\":\n  \u001b[36m<button\u001b[39m\n    \u001b[33mclass\u001b[39m=\u001b[32m\"inline-flex items-center justify-center whitespace-nowrap text-sm font-medium transition-all disabled:pointer-events-none disabled:opacity-50 [&_svg]:pointer-events-none [&_svg:not([class*='size-'])]:size-4 shrink-0 [&_svg]:shrink-0 outline-none focus-visible:border-ring focus-visible:ring-ring/50 focus-visible:ring-[3px] aria-invalid:ring-destructive/20 dark:aria-invalid:ring-destructive/40 aria-invalid:border-destructive hover:bg-accent hover:text-accent-foreground dark:hover:bg-accent/50 rounded-md gap-1.5 has-[>svg]:px-2.5 h-7 w-7 p-0 opacity-60 hover:opacity-100\"\u001b[39m\n    \u001b[33mdata-slot\u001b[39m=\u001b[32m\"button\"\u001b[39m\n    \u001b[33mdisabled\u001b[39m=\u001b[32m\"\"\u001b[39m\n    \u001b[33mtitle\u001b[39m=\u001b[32m\"Reset Speed to default (50%)\"\u001b[39m\n    \u001b[33mtype\u001b[39m=\u001b[32m\"button\"\u001b[39m\n  \u001b[36m/>\u001b[39m\n\n  Name \"Reset Saturation to default (80%)\":\n  \u001b[36m<button\u001b[39m\n    \u001b[33mclass\u001b[39m=\u001b[32m\"inline-flex items-center justify-center whitespace-nowrap text-sm font-medium transition-all disabled:pointer-events-none disabled:opacity-50 [&_svg]:pointer-events-none [&_svg:not([class*='size-'])]:size-4 shrink-0 [&_svg]:shrink-0 outline-none focus-visible:border-ring focus-visible:ring-ring/50 focus-visible:ring-[3px] aria-invalid:ring-destructive/20 dark:aria-invalid:ring-destructive/40 aria-invalid:border-destructive hover:bg-accent hover:text-accent-foreground dark:hover:bg-accent/50 rounded-md gap-1.5 has-[>svg]:px-2.5 h-7 w-7 p-0 opacity-60 hover:opacity-100\"\u001b[39m\n    \u001b[33mdata-slot\u001b[39m=\u001b[32m\"button\"\u001b[39m\n    \u001b[33mdisabled\u001b[39m=\u001b[32m\"\"\u001b[39m\n    \u001b[33mtitle\u001b[39m=\u001b[32m\"Reset Saturation to default (80%)\"\u001b[39m\n    \u001b[33mtype\u001b[39m=\u001b[32m\"button\"\u001b[39m\n  \u001b[36m/>\u001b[39m\n\n  Name \"Reset Warmth to default (50%)\":\n  \u001b[36m<button\u001b[39m\n    \u001b[33mclass\u001b[39m=\u001b[32m\"inline-flex items-center justify-center whitespace-nowrap text-sm font-medium transition-all disabled:pointer-events-none disabled:opacity-50 [&_svg]:pointer-events-none [&_svg:not([class*='size-'])]:size-4 shrink-0 [&_svg]:shrink-0 outline-none focus-visible:border-ring focus-visible:ring-ring/50 focus-visible:ring-[3px] aria-invalid:ring-destructive/20 dark:aria-invalid:ring-destructive/40 aria-invalid:border-destructive hover:bg-accent hover:text-accent-foreground dark:hover:bg-accent/50 rounded-md gap-1.5 has-[>svg]:px-2.5 h-7 w-7 p-0 opacity-60 hover:opacity-100\"\u001b[39m\n    \u001b[33mdata-slot\u001b[39m=\u001b[32m\"button\"\u001b[39m\n    \u001b[33mdisabled\u001b[39m=\u001b[32m\"\"\u001b[39m\n    \u001b[33mtitle\u001b[39m=\u001b[32m\"Reset Warmth to default (50%)\"\u001b[39m\n    \u001b[33mtype\u001b[39m=\u001b[32m\"button\"\u001b[39m\n  \u001b[36m/>\u001b[39m\n\n  Name \"Reset Softness to default (30%)\":\n  \u001b[36m<button\u001b[39m\n    \u001b[33mclass\u001b[39m=\u001b[32m\"inline-flex items-center justify-center whitespace-nowrap text-sm font-medium transition-all disabled:pointer-events-none disabled:opacity-50 [&_svg]:pointer-events-none [&_svg:not([class*='size-'])]:size-4 shrink-0 [&_svg]:shrink-0 outline-none focus-visible:border-ring focus-visible:ring-ring/50 focus-visible:ring-[3px] aria-invalid:ring-destructive/20 dark:aria-invalid:ring-destructive/40 aria-invalid:border-destructive hover:bg-accent hover:text-accent-foreground dark:hover:bg-accent/50 rounded-md gap-1.5 has-[>svg]:px-2.5 h-7 w-7 p-0 opacity-60 hover:opacity-100\"\u001b[39m\n    \u001b[33mdata-slot\u001b[39m=\u001b[32m\"button\"\u001b[39m\n    \u001b[33mdisabled\u001b[39m=\u001b[32m\"\"\u001b[39m\n    \u001b[33mtitle\u001b[39m=\u001b[32m\"Reset Softness to default (30%)\"\u001b[39m\n    \u001b[33mtype\u001b[39m=\u001b[32m\"button\"\u001b[39m\n  \u001b[36m/>\u001b[39m\n\n  Name \"Reset Background to default (10%)\":\n  \u001b[36m<button\u001b[39m\n    \u001b[33mclass\u001b[39m=\u001b[32m\"inline-flex items-center justify-center whitespace-nowrap text-sm font-medium transition-all disabled:pointer-events-none disabled:opacity-50 [&_svg]:pointer-events-none [&_svg:not([class*='size-'])]:size-4 shrink-0 [&_svg]:shrink-0 outline-none focus-visible:border-ring focus-visible:ring-ring/50 focus-visible:ring-[3px] aria-invalid:ring-destructive/20 dark:aria-invalid:ring-destructive/40 aria-invalid:border-destructive hover:bg-accent hover:text-accent-foreground dark:hover:bg-accent/50 rounded-md gap-1.5 has-[>svg]:px-2.5 h-7 w-7 p-0 opacity-60 hover:opacity-100\"\u001b[39m\n    \u001b[33mdata-slot\u001b[39m=\u001b[32m\"button\"\u001b[39m\n    \u001b[33mdisabled\u001b[39m=\u001b[32m\"\"\u001b[39m\n    \u001b[33mtitle\u001b[39m=\u001b[32m\"Reset Background to default (10%)\"\u001b[39m\n    \u001b[33mtype\u001b[39m=\u001b[32m\"button\"\u001b[39m\n  \u001b[36m/>\u001b[39m\n\n  Name \"Reset All\":\n  \u001b[36m<button\u001b[39m\n    \u001b[33mclass\u001b[39m=\u001b[32m\"inline-flex items-center justify-center whitespace-nowrap font-medium transition-all disabled:pointer-events-none disabled:opacity-50 [&_svg]:pointer-events-none [&_svg:not([class*='size-'])]:size-4 shrink-0 [&_svg]:shrink-0 outline-none focus-visible:border-ring focus-visible:ring-ring/50 focus-visible:ring-[3px] aria-invalid:ring-destructive/20 dark:aria-invalid:ring-destructive/40 aria-invalid:border-destructive border bg-background text-foreground hover:bg-accent hover:text-accent-foreground dark:bg-input/30 dark:border-input dark:hover:bg-input/50 h-8 rounded-md gap-1.5 px-3 has-[>svg]:px-2.5 text-xs\"\u001b[39m\n    \u001b[33mdata-slot\u001b[39m=\u001b[32m\"button\"\u001b[39m\n    \u001b[33mdisabled\u001b[39m=\u001b[32m\"\"\u001b[39m\n  \u001b[36m/>\u001b[39m\n\n  Name \"Save\":\n  \u001b[36m<button\u001b[39m\n    \u001b[33mclass\u001b[39m=\u001b[32m\"inline-flex items-center justify-center whitespace-nowrap font-medium transition-all disabled:pointer-events-none disabled:opacity-50 [&_svg]:pointer-events-none [&_svg:not([class*='size-'])]:size-4 shrink-0 [&_svg]:shrink-0 outline-none focus-visible:border-ring focus-visible:ring-ring/50 focus-visible:ring-[3px] aria-invalid:ring-destructive/20 dark:aria-invalid:ring-destructive/40 aria-invalid:border-destructive border bg-background text-foreground hover:bg-accent hover:text-accent-foreground dark:bg-input/30 dark:border-input dark:hover:bg-input/50 h-8 rounded-md gap-1.5 px-3 has-[>svg]:px-2.5 text-xs\"\u001b[39m\n    \u001b[33mdata-slot\u001b[39m=\u001b[32m\"button\"\u001b[39m\n    \u001b[33mdisabled\u001b[39m=\u001b[32m\"\"\u001b[39m\n  \u001b[36m/>\u001b[39m\n\n  --------------------------------------------------\n  slider:\n\n  Name \"\":\n  \u001b[36m<input\u001b[39m\n    \u001b[33mclass\u001b[39m=\u001b[32m\"w-full h-2 rounded-lg bg-muted appearance-none [&::-webkit-slider-thumb]:appearance-none [&::-webkit-slider-thumb]:w-4 [&::-webkit-slider-thumb]:h-4 [&::-webkit-slider-thumb]:rounded-full [&::-webkit-slider-thumb]:bg-primary [&::-moz-range-thumb]:w-4 [&::-moz-range-thumb]:h-4 [&::-moz-range-thumb]:border-0 [&::-moz-range-thumb]:rounded-full [&::-moz-range-thumb]:bg-primary\"\u001b[39m\n    \u001b[33mmax\u001b[39m=\u001b[32m\"100\"\u001b[39m\n    \u001b[33mmin\u001b[39m=\u001b[32m\"0\"\u001b[39m\n    \u001b[33mstep\u001b[39m=\u001b[32m\"1\"\u001b[39m\n    \u001b[33mtype\u001b[39m=\u001b[32m\"range\"\u001b[39m\n    \u001b[33mvalue\u001b[39m=\u001b[32m\"75\"\u001b[39m\n  \u001b[36m/>\u001b[39m\n\n  Name \"\":\n  \u001b[36m<input\u001b[39m\n    \u001b[33mclass\u001b[39m=\u001b[32m\"w-full h-2 rounded-lg bg-muted appearance-none [&::-webkit-slider-thumb]:appearance-none [&::-webkit-slider-thumb]:w-4 [&::-webkit-slider-thumb]:h-4 [&::-webkit-slider-thumb]:rounded-full [&::-webkit-slider-thumb]:bg-primary [&::-moz-range-thumb]:w-4 [&::-moz-range-thumb]:h-4 [&::-moz-range-thumb]:border-0 [&::-moz-range-thumb]:rounded-full [&::-moz-range-thumb]:bg-primary\"\u001b[39m\n    \u001b[33mmax\u001b[39m=\u001b[32m\"100\"\u001b[39m\n    \u001b[33mmin\u001b[39m=\u001b[32m\"0\"\u001b[39m\n    \u001b[33mstep\u001b[39m=\u001b[32m\"1\"\u001b[39m\n    \u001b[33mtype\u001b[39m=\u001b[32m\"range\"\u001b[39m\n    \u001b[33mvalue\u001b[39m=\u001b[32m\"50\"\u001b[39m\n  \u001b[36m/>\u001b[39m\n\n  Name \"\":\n  \u001b[36m<input\u001b[39m\n    \u001b[33mclass\u001b[39m=\u001b[32m\"w-full h-2 rounded-lg bg-muted appearance-none [&::-webkit-slider-thumb]:appearance-none [&::-webkit-slider-thumb]:w-4 [&::-webkit-slider-thumb]:h-4 [&::-webkit-slider-thumb]:rounded-full [&::-webkit-slider-thumb]:bg-primary [&::-moz-range-thumb]:w-4 [&::-moz-range-thumb]:h-4 [&::-moz-range-thumb]:border-0 [&::-moz-range-thumb]:rounded-full [&::-moz-range-thumb]:bg-primary\"\u001b[39m\n    \u001b[33mmax\u001b[39m=\u001b[32m\"100\"\u001b[39m\n    \u001b[33mmin\u001b[39m=\u001b[32m\"0\"\u001b[39m\n    \u001b[33mstep\u001b[39m=\u001b[32m\"1\"\u001b[39m\n    \u001b[33mtype\u001b[39m=\u001b[32m\"range\"\u001b[39m\n    \u001b[33mvalue\u001b[39m=\u001b[32m\"80\"\u001b[39m\n  \u001b[36m/>\u001b[39m\n\n  Name \"\":\n  \u001b[36m<input\u001b[39m\n    \u001b[33mclass\u001b[39m=\u001b[32m\"w-full h-2 rounded-lg bg-muted appearance-none [&::-webkit-slider-thumb]:appearance-none [&::-webkit-slider-thumb]:w-4 [&::-webkit-slider-thumb]:h-4 [&::-webkit-slider-thumb]:rounded-full [&::-webkit-slider-thumb]:bg-primary [&::-moz-range-thumb]:w-4 [&::-moz-range-thumb]:h-4 [&::-moz-range-thumb]:border-0 [&::-moz-range-thumb]:rounded-full [&::-moz-range-thumb]:bg-primary\"\u001b[39m\n    \u001b[33mmax\u001b[39m=\u001b[32m\"100\"\u001b[39m\n    \u001b[33mmin\u001b[39m=\u001b[32m\"0\"\u001b[39m\n    \u001b[33mstep\u001b[39m=\u001b[32m\"1\"\u001b[39m\n    \u001b[33mtype\u001b[39m=\u001b[32m\"range\"\u001b[39m\n    \u001b[33mvalue\u001b[39m=\u001b[32m\"50\"\u001b[39m\n  \u001b[36m/>\u001b[39m\n\n  Name \"\":\n  \u001b[36m<input\u001b[39m\n    \u001b[33mclass\u001b[39m=\u001b[32m\"w-full h-2 rounded-lg bg-muted appearance-none [&::-webkit-slider-thumb]:appearance-none [&::-webkit-slider-thumb]:w-4 [&::-webkit-slider-thumb]:h-4 [&::-webkit-slider-thumb]:rounded-full [&::-webkit-slider-thumb]:bg-primary [&::-moz-range-thumb]:w-4 [&::-moz-range-thumb]:h-4 [&::-moz-range-thumb]:border-0 [&::-moz-range-thumb]:rounded-full [&::-moz-range-thumb]:bg-primary\"\u001b[39m\n    \u001b[33mmax\u001b[39m=\u001b[32m\"100\"\u001b[39m\n    \u001b[33mmin\u001b[39m=\u001b[32m\"0\"\u001b[39m\n    \u001b[33mstep\u001b[39m=\u001b[32m\"1\"\u001b[39m\n    \u001b[33mtype\u001b[39m=\u001b[32m\"range\"\u001b[39m\n    \u001b[33mvalue\u001b[39m=\u001b[32m\"30\"\u001b[39m\n  \u001b[36m/>\u001b[39m\n\n  Name \"\":\n  \u001b[36m<input\u001b[39m\n    \u001b[33mclass\u001b[39m=\u001b[32m\"w-full h-2 rounded-lg bg-muted appearance-none [&::-webkit-slider-thumb]:appearance-none [&::-webkit-slider-thumb]:w-4 [&::-webkit-slider-thumb]:h-4 [&::-webkit-slider-thumb]:rounded-full [&::-webkit-slider-thumb]:bg-primary [&::-moz-range-thumb]:w-4 [&::-moz-range-thumb]:h-4 [&::-moz-range-thumb]:border-0 [&::-moz-range-thumb]:rounded-full [&::-moz-range-thumb]:bg-primary\"\u001b[39m\n    \u001b[33mmax\u001b[39m=\u001b[32m\"100\"\u001b[39m\n    \u001b[33mmin\u001b[39m=\u001b[32m\"0\"\u001b[39m\n    \u001b[33mstep\u001b[39m=\u001b[32m\"1\"\u001b[39m\n    \u001b[33mtype\u001b[39m=\u001b[32m\"range\"\u001b[39m\n    \u001b[33mvalue\u001b[39m=\u001b[32m\"10\"\u001b[39m\n  \u001b[36m/>\u001b[39m\n\n  --------------------------------------------------\n\nIgnored nodes: comments, script, style\n\u001b[36m<body>\u001b[39m\n  \u001b[36m<div>\u001b[39m\n    \u001b[36m<div\u001b[39m\n      \u001b[33mclass\u001b[39m=\u001b[32m\"space-y-6 \"\u001b[39m\n    \u001b[36m>\u001b[39m\n      \u001b[36m<div\u001b[39m\n        \u001b[33mclass\u001b[39m=\u001b[32m\"flex items-center justify-between\"\u001b[39m\n      \u001b[36m>\u001b[39m\n        \u001b[36m<div>\u001b[39m\n          \u001b[36m<h2\u001b[39m\n            \u001b[33mclass\u001b[39m=\u001b[32m\"text-lg font-semibold text-[var(--prism-text-primary)]\"\u001b[39m\n          \u001b[36m>\u001b[39m\n            \u001b[0mReal-Time Parameters\u001b[0m\n          \u001b[36m</h2>\u001b[39m\n          \u001b[36m<p\u001b[39m\n            \u001b[33mclass\u001b[39m=\u001b[32m\"text-sm text-[var(--prism-text-secondary)]\"\u001b[39m\n          \u001b[36m>\u001b[39m\n            \u001b[0mPattern: \u001b[0m\n            \u001b[0mtest-pattern\u001b[0m\n            \u001b[0m • ≤100ms response time\u001b[0m\n          \u001b[36m</p>\u001b[39m\n        \u001b[36m</div>\u001b[39m\n        \u001b[36m<div\u001b[39m\n          \u001b[33mclass\u001b[39m=\u001b[32m\"flex items-center gap-2\"\u001b[39m\n        \u001b[36m>\u001b[39m\n          \u001b[36m<div\u001b[39m\n            \u001b[33mclass\u001b[39m=\u001b[32m\"w-2 h-2 rounded-full bg-green-500 shadow-[0_0_8px_rgba(34,197,94,0.5)]\"\u001b[39m\n          \u001b[36m/>\u001b[39m\n        \u001b[36m</div>\u001b[39m\n      \u001b[36m</div>\u001b[39m\n      \u001b[36m<div\u001b[39m\n        \u001b[33mclass\u001b[39m=\u001b[32m\"space-y-4\"\u001b[39m\n      \u001b[36m>\u001b[39m\n        \u001b[36m<div\u001b[39m\n          \u001b[33mclass\u001b[39m=\u001b[32m\"space-y-3 bg-[var(--prism-bg-surface)] border border-[var(--prism-bg-elevated)] rounded-lg p-4\"\u001b[39m\n        \u001b[36m>\u001b[39m\n          \u001b[36m<div\u001b[39m\n            \u001b[33mclass\u001b[39m=\u001b[32m\"flex items-center justify-between\"\u001b[39m\n          \u001b[36m>\u001b[39m\n            \u001b[36m<div\u001b[39m\n              \u001b[33mclass\u001b[39m=\u001b[32m\"flex items-center gap-2\"\u001b[39m\n            \u001b[36m>\u001b[39m\n              \u001b[36m<span\u001b[39m\n                \u001b[33maria-label\u001b[39m=\u001b[32m\"Brightness\"\u001b[39m\n                \u001b[33mclass\u001b[39m=\u001b[32m\"text-lg\"\u001b[39m\n                \u001b[33mrole\u001b[39m=\u001b[32m\"img\"\u001b[39m\n              \u001b[36m>\u001b[39m\n                \u001b[0m💡\u001b[0m\n              \u001b[36m</span>\u001b[39m\n              \u001b[36m<label\u001b[39m\n                \u001b[33mclass\u001b[39m=\u001b[32m\"flex items-center gap-2 select-none peer-disabled:cursor-not-allowed peer-disabled:opacity-50 text-sm font-medium text-[var(--prism-text-primary)]\"\u001b[39m\n                \u001b[33mdata-slot\u001b[39m=\u001b[32m\"label\"\u001b[39m\n                \u001b[33mfor\u001b[39m=\u001b[32m\"param-brightness\"\u001b[39m\n              \u001b[36m>\u001b[39m\n                \u001b[0mBrightness\u001b[0m\n              \u001b[36m</label>\u001b[39m\n            \u001b[36m</div>\u001b[39m\n            \u001b[36m<div\u001b[39m\n              \u001b[33mclass\u001b[39m=\u001b[32m\"flex items-center gap-2\"\u001b[39m\n            \u001b[36m>\u001b[39m\n              \u001b[36m<div\u001b[39m\n                \u001b[33mclass\u001b[39m=\u001b[32m\"relative\"\u001b[39m\n              \u001b[36m>\u001b[39m\n                \u001b[36m<input\u001b[39m\n                  \u001b[33maria-label\u001b[39m=\u001b[32m\"Brightness value\"\u001b[39m\n                  \u001b[33mclass\u001b[39m=\u001b[32m\"file:text-foreground placeholder:text-muted-foreground selection:bg-primary selection:text-primary-foreground dark:bg-input/30 flex min-w-0 rounded-md border px-3 py-1 transition-[color,box-shadow] outline-none file:inline-flex file:h-7 file:border-0 file:bg-transparent file:text-sm file:font-medium disabled:pointer-events-none disabled:cursor-not-allowed disabled:opacity-50 md:text-sm focus-visible:border-ring focus-visible:ring-ring/50 focus-visible:ring-[3px] aria-invalid:ring-destructive/20 dark:aria-invalid:ring-destructive/40 aria-invalid:border-destructive w-16 h-7 text-xs text-center font-mono bg-[var(--prism-bg-canvas)] border-[var(--prism-bg-elevated)]\"\u001b[39m\n                  \u001b[33mdata-slot\u001b[39m=\u001b[32m\"input\"\u001b[39m\n                  \u001b[33mid\u001b[39m=\u001b[32m\"param-brightness-input\"\u001b[39m\n                  \u001b[33mmax\u001b[39m=\u001b[32m\"100\"\u001b[39m\n                  \u001b[33mmin\u001b[39m=\u001b[32m\"0\"\u001b[39m\n                  \u001b[33mstep\u001b[39m=\u001b[32m\"1\"\u001b[39m\n                  \u001b[33mtype\u001b[39m=\u001b[32m\"number\"\u001b[39m\n                  \u001b[33mvalue\u001b[39m=\u001b[32m\"75\"\u001b[39m\n                \u001b[36m/>\u001b[39m\n                \u001b[36m<span\u001b[39m\n                  \u001b[33mclass\u001b[39m=\u001b[32m\"absolute right-1 top-1/2 -translate-y-1/2 text-[10px] text-[var(--prism-text-secondary)] pointer-events-none\"\u001b[39m\n                \u001b[36m>\u001b[39m\n                  \u001b[0m%\u001b[0m\n                \u001b[36m</span>\u001b[39m\n              \u001b[36m</div>\u001b[39m\n              \u001b[36m<button\u001b[39m\n                \u001b[33mclass\u001b[39m=\u001b[32m\"inline-flex items-center justify-center whitespace-nowrap text-sm font-medium transition-all disabled:pointer-events-none disabled:opacity-50 [&_svg]:pointer-events-none [&_svg:not([class*='size-'])]:size-4 shrink-0 [&_svg]:shrink-0 outline-none focus-visible:border-ring focus-visible:ring-ring/50 focus-visible:ring-[3px] aria-invalid:ring-destructive/20 dark:aria-invalid:ring-destructive/40 aria-invalid:border-destructive hover:bg-accent hover:text-accent-foreground dark:hover:bg-accent/50 rounded-md gap-1.5 has-[>svg]:px-2.5 h-7 w-7 p-0 opacity-60 hover:opacity-100\"\u001b[39m\n                \u001b[33mdata-slot\u001b[39m=\u001b[32m\"button\"\u001b[39m\n                \u001b[33mdisabled\u001b[39m=\u001b[32m\"\"\u001b[39m\n                \u001b[33mtitle\u001b[39m=\u001b[32m\"Reset Brightness to default (75%)\"\u001b[39m\n                \u001b[33mtype\u001b[39m=\u001b[32m\"button\"\u001b[39m\n              \u001b[36m>\u001b[39m\n                \u001b[36m<svg\u001b[39m\n                  \u001b[33mclass\u001b[39m=\u001b[32m\"lucide lucide-rotate-ccw w-3 h-3\"\u001b[39m\n                  \u001b[33mfill\u001b[39m=\u001b[32m\"none\"\u001b[39m\n                  \u001b[33mheight\u001b[39m=\u001b[32m\"24\"\u001b[39m\n                  \u001b[33mstroke\u001b[39m=\u001b[32m\"currentColor\"\u001b[39m\n                  \u001b[33mstroke-linecap\u001b[39m=\u001b[32m\"round\"\u001b[39m\n                  \u001b[33mstroke-linejoin\u001b[39m=\u001b[32m\"round\"\u001b[39m\n                  \u001b[33mstroke-width\u001b[39m=\u001b[32m\"2\"\u001b[39m\n                  \u001b[33mviewBox\u001b[39m=\u001b[32m\"0 0 24 24\"\u001b[39m\n                  \u001b[33mwidth\u001b[39m=\u001b[32m\"24\"\u001b[39m\n                  \u001b[33mxmlns\u001b[39m=\u001b[32m\"http://www.w3.org/2000/svg\"\u001b[39m\n                \u001b[36m>\u001b[39m\n                  \u001b[36m<path\u001b[39m\n                    \u001b[33md\u001b[39m=\u001b[32m\"M3 12a9 9 0 1 0 9-9 9.75 9.75 0 0 0-6.74 2.74L3 8\"\u001b[39m\n                  \u001b[36m/>\u001b[39m\n                  \u001b[36m<path\u001b[39m\n                    \u001b[33md\u001b[39m=\u001b[32m\"M3 3v5h5\"\u001b[39m\n                  \u001b[36m/>\u001b[39m\n                \u001b[36m</svg>\u001b[39m\n              \u001b[36m</button>\u001b[39m\n            \u001b[36m</div>\u001b[39m\n          \u001b[36m</div>\u001b[39m\n          \u001b[36m<div\u001b[39m\n            \u001b[33mclass\u001b[39m=\u001b[32m\"px-1\"\u001b[39m\n          \u001b[36m>\u001b[39m\n            \u001b[36m<div\u001b[39m\n              \u001b[33mclass\u001b[39m=\u001b[32m\"relative flex select-none items-center w-full\"\u001b[39m\n              \u001b[33mdata-slot\u001b[39m=\u001b[32m\"slider\"\u001b[39m\n            \u001b[36m>\u001b[39m\n              \u001b[36m<input\u001b[39m\n                \u001b[33mclass\u001b[39m=\u001b[32m\"w-full h-2 rounded-lg bg-muted appearance-none [&::-webkit-slider-thumb]:appearance-none [&::-webkit-slider-thumb]:w-4 [&::-webkit-slider-thumb]:h-4 [&::-webkit-slider-thumb]:rounded-full [&::-webkit-slider-thumb]:bg-primary [&::-moz-range-thumb]:w-4 [&::-moz-range-thumb]:h-4 [&::-moz-range-thumb]:border-0 [&::-moz-range-thumb]:rounded-full [&::-moz-range-thumb]:bg-primary\"\u001b[39m\n                \u001b[33mmax\u001b[39m=\u001b[32m\"100\"\u001b[39m\n                \u001b[33mmin\u001b[39m=\u001b[32m\"0\"\u001b[39m\n                \u001b[33mstep\u001b[39m=\u001b[32m\"1\"\u001b[39m\n                \u001b[33mtype\u001b[39m=\u001b[32m\"range\"\u001b[39m\n                \u001b[33mvalue\u001b[39m=\u001b[32m\"75\"\u001b[39m\n              \u001b[36m/>\u001b[39m\n            \u001b[36...\n    at Object.getElementError (/Users/spectrasynq/Workspace_Management/Software/K1.reinvented/webapp/node_modules/@testing-library/dom/dist/config.js:37:19)\n    at /Users/spectrasynq/Workspace_Management/Software/K1.reinvented/webapp/node_modules/@testing-library/dom/dist/query-helpers.js:76:38\n    at /Users/spectrasynq/Workspace_Management/Software/K1.reinvented/webapp/node_modules/@testing-library/dom/dist/query-helpers.js:52:17\n    at /Users/spectrasynq/Workspace_Management/Software/K1.reinvented/webapp/node_modules/@testing-library/dom/dist/query-helpers.js:95:19\n    at Object.<anonymous> (/Users/spectrasynq/Workspace_Management/Software/K1.reinvented/webapp/src/components/control/__tests__/RealTimeParameterControls.test.tsx:179:39)\n    at Promise.finally.completed (/Users/spectrasynq/Workspace_Management/Software/K1.reinvented/webapp/node_modules/jest-circus/build/jestAdapterInit.js:1557:28)\n    at new Promise (<anonymous>)\n    at callAsyncCircusFn (/Users/spectrasynq/Workspace_Management/Software/K1.reinvented/webapp/node_modules/jest-circus/build/jestAdapterInit.js:1497:10)\n    at _callCircusTest (/Users/spectrasynq/Workspace_Management/Software/K1.reinvented/webapp/node_modules/jest-circus/build/jestAdapterInit.js:1007:40)\n    at _runTest (/Users/spectrasynq/Workspace_Management/Software/K1.reinvented/webapp/node_modules/jest-circus/build/jestAdapterInit.js:947:3)\n    at /Users/spectrasynq/Workspace_Management/Software/K1.reinvented/webapp/node_modules/jest-circus/build/jestAdapterInit.js:849:7\n    at _runTestsForDescribeBlock (/Users/spectrasynq/Workspace_Management/Software/K1.reinvented/webapp/node_modules/jest-circus/build/jestAdapterInit.js:862:11)\n    at _runTestsForDescribeBlock (/Users/spectrasynq/Workspace_Management/Software/K1.reinvented/webapp/node_modules/jest-circus/build/jestAdapterInit.js:857:11)\n    at _runTestsForDescribeBlock (/Users/spectrasynq/Workspace_Management/Software/K1.reinvented/webapp/node_modules/jest-circus/build/jestAdapterInit.js:857:11)\n    at run (/Users/spectrasynq/Workspace_Management/Software/K1.reinvented/webapp/node_modules/jest-circus/build/jestAdapterInit.js:761:3)\n    at runAndTransformResultsToJestFormat (/Users/spectrasynq/Workspace_Management/Software/K1.reinvented/webapp/node_modules/jest-circus/build/jestAdapterInit.js:1918:21)\n    at jestAdapter (/Users/spectrasynq/Workspace_Management/Software/K1.reinvented/webapp/node_modules/jest-circus/build/runner.js:101:19)\n    at runTestInternal (/Users/spectrasynq/Workspace_Management/Software/K1.reinvented/webapp/node_modules/jest-runner/build/index.js:275:16)\n    at runTest (/Users/spectrasynq/Workspace_Management/Software/K1.reinvented/webapp/node_modules/jest-runner/build/index.js:343:7)"],"fullName":"RealTimeParameterControls Parameter Updates and Coalescing sends first parameter change immediately (leading edge)","invocations":1,"location":null,"numPassingAsserts":0,"retryReasons":[],"startAt":1762098430615,"status":"failed","title":"sends first parameter change immediately (leading edge)"},{"ancestorTitles":["RealTimeParameterControls","Parameter Updates and Coalescing"],"duration":59,"failing":false,"failureDetails":[{"name":"TestingLibraryElementError"}],"failureMessages":["TestingLibraryElementError: Unable to find an accessible element with the role \"slider\" and name `/brightness/i`\n\nHere are the accessible roles:\n\n  heading:\n\n  Name \"Real-Time Parameters\":\n  \u001b[36m<h2\u001b[39m\n    \u001b[33mclass\u001b[39m=\u001b[32m\"text-lg font-semibold text-[var(--prism-text-primary)]\"\u001b[39m\n  \u001b[36m/>\u001b[39m\n\n  --------------------------------------------------\n  paragraph:\n\n  Name \"\":\n  \u001b[36m<p\u001b[39m\n    \u001b[33mclass\u001b[39m=\u001b[32m\"text-sm text-[var(--prism-text-secondary)]\"\u001b[39m\n  \u001b[36m/>\u001b[39m\n\n  --------------------------------------------------\n  img:\n\n  Name \"Brightness\":\n  \u001b[36m<span\u001b[39m\n    \u001b[33maria-label\u001b[39m=\u001b[32m\"Brightness\"\u001b[39m\n    \u001b[33mclass\u001b[39m=\u001b[32m\"text-lg\"\u001b[39m\n    \u001b[33mrole\u001b[39m=\u001b[32m\"img\"\u001b[39m\n  \u001b[36m/>\u001b[39m\n\n  Name \"Speed\":\n  \u001b[36m<span\u001b[39m\n    \u001b[33maria-label\u001b[39m=\u001b[32m\"Speed\"\u001b[39m\n    \u001b[33mclass\u001b[39m=\u001b[32m\"text-lg\"\u001b[39m\n    \u001b[33mrole\u001b[39m=\u001b[32m\"img\"\u001b[39m\n  \u001b[36m/>\u001b[39m\n\n  Name \"Saturation\":\n  \u001b[36m<span\u001b[39m\n    \u001b[33maria-label\u001b[39m=\u001b[32m\"Saturation\"\u001b[39m\n    \u001b[33mclass\u001b[39m=\u001b[32m\"text-lg\"\u001b[39m\n    \u001b[33mrole\u001b[39m=\u001b[32m\"img\"\u001b[39m\n  \u001b[36m/>\u001b[39m\n\n  Name \"Warmth\":\n  \u001b[36m<span\u001b[39m\n    \u001b[33maria-label\u001b[39m=\u001b[32m\"Warmth\"\u001b[39m\n    \u001b[33mclass\u001b[39m=\u001b[32m\"text-lg\"\u001b[39m\n    \u001b[33mrole\u001b[39m=\u001b[32m\"img\"\u001b[39m\n  \u001b[36m/>\u001b[39m\n\n  Name \"Softness\":\n  \u001b[36m<span\u001b[39m\n    \u001b[33maria-label\u001b[39m=\u001b[32m\"Softness\"\u001b[39m\n    \u001b[33mclass\u001b[39m=\u001b[32m\"text-lg\"\u001b[39m\n    \u001b[33mrole\u001b[39m=\u001b[32m\"img\"\u001b[39m\n  \u001b[36m/>\u001b[39m\n\n  Name \"Background\":\n  \u001b[36m<span\u001b[39m\n    \u001b[33maria-label\u001b[39m=\u001b[32m\"Background\"\u001b[39m\n    \u001b[33mclass\u001b[39m=\u001b[32m\"text-lg\"\u001b[39m\n    \u001b[33mrole\u001b[39m=\u001b[32m\"img\"\u001b[39m\n  \u001b[36m/>\u001b[39m\n\n  --------------------------------------------------\n  spinbutton:\n\n  Name \"Brightness value\":\n  \u001b[36m<input\u001b[39m\n    \u001b[33maria-label\u001b[39m=\u001b[32m\"Brightness value\"\u001b[39m\n    \u001b[33mclass\u001b[39m=\u001b[32m\"file:text-foreground placeholder:text-muted-foreground selection:bg-primary selection:text-primary-foreground dark:bg-input/30 flex min-w-0 rounded-md border px-3 py-1 transition-[color,box-shadow] outline-none file:inline-flex file:h-7 file:border-0 file:bg-transparent file:text-sm file:font-medium disabled:pointer-events-none disabled:cursor-not-allowed disabled:opacity-50 md:text-sm focus-visible:border-ring focus-visible:ring-ring/50 focus-visible:ring-[3px] aria-invalid:ring-destructive/20 dark:aria-invalid:ring-destructive/40 aria-invalid:border-destructive w-16 h-7 text-xs text-center font-mono bg-[var(--prism-bg-canvas)] border-[var(--prism-bg-elevated)]\"\u001b[39m\n    \u001b[33mdata-slot\u001b[39m=\u001b[32m\"input\"\u001b[39m\n    \u001b[33mid\u001b[39m=\u001b[32m\"param-brightness-input\"\u001b[39m\n    \u001b[33mmax\u001b[39m=\u001b[32m\"100\"\u001b[39m\n    \u001b[33mmin\u001b[39m=\u001b[32m\"0\"\u001b[39m\n    \u001b[33mstep\u001b[39m=\u001b[32m\"1\"\u001b[39m\n    \u001b[33mtype\u001b[39m=\u001b[32m\"number\"\u001b[39m\n    \u001b[33mvalue\u001b[39m=\u001b[32m\"75\"\u001b[39m\n  \u001b[36m/>\u001b[39m\n\n  Name \"Speed value\":\n  \u001b[36m<input\u001b[39m\n    \u001b[33maria-label\u001b[39m=\u001b[32m\"Speed value\"\u001b[39m\n    \u001b[33mclass\u001b[39m=\u001b[32m\"file:text-foreground placeholder:text-muted-foreground selection:bg-primary selection:text-primary-foreground dark:bg-input/30 flex min-w-0 rounded-md border px-3 py-1 transition-[color,box-shadow] outline-none file:inline-flex file:h-7 file:border-0 file:bg-transparent file:text-sm file:font-medium disabled:pointer-events-none disabled:cursor-not-allowed disabled:opacity-50 md:text-sm focus-visible:border-ring focus-visible:ring-ring/50 focus-visible:ring-[3px] aria-invalid:ring-destructive/20 dark:aria-invalid:ring-destructive/40 aria-invalid:border-destructive w-16 h-7 text-xs text-center font-mono bg-[var(--prism-bg-canvas)] border-[var(--prism-bg-elevated)]\"\u001b[39m\n    \u001b[33mdata-slot\u001b[39m=\u001b[32m\"input\"\u001b[39m\n    \u001b[33mid\u001b[39m=\u001b[32m\"param-speed-input\"\u001b[39m\n    \u001b[33mmax\u001b[39m=\u001b[32m\"100\"\u001b[39m\n    \u001b[33mmin\u001b[39m=\u001b[32m\"0\"\u001b[39m\n    \u001b[33mstep\u001b[39m=\u001b[32m\"1\"\u001b[39m\n    \u001b[33mtype\u001b[39m=\u001b[32m\"number\"\u001b[39m\n    \u001b[33mvalue\u001b[39m=\u001b[32m\"50\"\u001b[39m\n  \u001b[36m/>\u001b[39m\n\n  Name \"Saturation value\":\n  \u001b[36m<input\u001b[39m\n    \u001b[33maria-label\u001b[39m=\u001b[32m\"Saturation value\"\u001b[39m\n    \u001b[33mclass\u001b[39m=\u001b[32m\"file:text-foreground placeholder:text-muted-foreground selection:bg-primary selection:text-primary-foreground dark:bg-input/30 flex min-w-0 rounded-md border px-3 py-1 transition-[color,box-shadow] outline-none file:inline-flex file:h-7 file:border-0 file:bg-transparent file:text-sm file:font-medium disabled:pointer-events-none disabled:cursor-not-allowed disabled:opacity-50 md:text-sm focus-visible:border-ring focus-visible:ring-ring/50 focus-visible:ring-[3px] aria-invalid:ring-destructive/20 dark:aria-invalid:ring-destructive/40 aria-invalid:border-destructive w-16 h-7 text-xs text-center font-mono bg-[var(--prism-bg-canvas)] border-[var(--prism-bg-elevated)]\"\u001b[39m\n    \u001b[33mdata-slot\u001b[39m=\u001b[32m\"input\"\u001b[39m\n    \u001b[33mid\u001b[39m=\u001b[32m\"param-saturation-input\"\u001b[39m\n    \u001b[33mmax\u001b[39m=\u001b[32m\"100\"\u001b[39m\n    \u001b[33mmin\u001b[39m=\u001b[32m\"0\"\u001b[39m\n    \u001b[33mstep\u001b[39m=\u001b[32m\"1\"\u001b[39m\n    \u001b[33mtype\u001b[39m=\u001b[32m\"number\"\u001b[39m\n    \u001b[33mvalue\u001b[39m=\u001b[32m\"80\"\u001b[39m\n  \u001b[36m/>\u001b[39m\n\n  Name \"Warmth value\":\n  \u001b[36m<input\u001b[39m\n    \u001b[33maria-label\u001b[39m=\u001b[32m\"Warmth value\"\u001b[39m\n    \u001b[33mclass\u001b[39m=\u001b[32m\"file:text-foreground placeholder:text-muted-foreground selection:bg-primary selection:text-primary-foreground dark:bg-input/30 flex min-w-0 rounded-md border px-3 py-1 transition-[color,box-shadow] outline-none file:inline-flex file:h-7 file:border-0 file:bg-transparent file:text-sm file:font-medium disabled:pointer-events-none disabled:cursor-not-allowed disabled:opacity-50 md:text-sm focus-visible:border-ring focus-visible:ring-ring/50 focus-visible:ring-[3px] aria-invalid:ring-destructive/20 dark:aria-invalid:ring-destructive/40 aria-invalid:border-destructive w-16 h-7 text-xs text-center font-mono bg-[var(--prism-bg-canvas)] border-[var(--prism-bg-elevated)]\"\u001b[39m\n    \u001b[33mdata-slot\u001b[39m=\u001b[32m\"input\"\u001b[39m\n    \u001b[33mid\u001b[39m=\u001b[32m\"param-warmth-input\"\u001b[39m\n    \u001b[33mmax\u001b[39m=\u001b[32m\"100\"\u001b[39m\n    \u001b[33mmin\u001b[39m=\u001b[32m\"0\"\u001b[39m\n    \u001b[33mstep\u001b[39m=\u001b[32m\"1\"\u001b[39m\n    \u001b[33mtype\u001b[39m=\u001b[32m\"number\"\u001b[39m\n    \u001b[33mvalue\u001b[39m=\u001b[32m\"50\"\u001b[39m\n  \u001b[36m/>\u001b[39m\n\n  Name \"Softness value\":\n  \u001b[36m<input\u001b[39m\n    \u001b[33maria-label\u001b[39m=\u001b[32m\"Softness value\"\u001b[39m\n    \u001b[33mclass\u001b[39m=\u001b[32m\"file:text-foreground placeholder:text-muted-foreground selection:bg-primary selection:text-primary-foreground dark:bg-input/30 flex min-w-0 rounded-md border px-3 py-1 transition-[color,box-shadow] outline-none file:inline-flex file:h-7 file:border-0 file:bg-transparent file:text-sm file:font-medium disabled:pointer-events-none disabled:cursor-not-allowed disabled:opacity-50 md:text-sm focus-visible:border-ring focus-visible:ring-ring/50 focus-visible:ring-[3px] aria-invalid:ring-destructive/20 dark:aria-invalid:ring-destructive/40 aria-invalid:border-destructive w-16 h-7 text-xs text-center font-mono bg-[var(--prism-bg-canvas)] border-[var(--prism-bg-elevated)]\"\u001b[39m\n    \u001b[33mdata-slot\u001b[39m=\u001b[32m\"input\"\u001b[39m\n    \u001b[33mid\u001b[39m=\u001b[32m\"param-softness-input\"\u001b[39m\n    \u001b[33mmax\u001b[39m=\u001b[32m\"100\"\u001b[39m\n    \u001b[33mmin\u001b[39m=\u001b[32m\"0\"\u001b[39m\n    \u001b[33mstep\u001b[39m=\u001b[32m\"1\"\u001b[39m\n    \u001b[33mtype\u001b[39m=\u001b[32m\"number\"\u001b[39m\n    \u001b[33mvalue\u001b[39m=\u001b[32m\"30\"\u001b[39m\n  \u001b[36m/>\u001b[39m\n\n  Name \"Background value\":\n  \u001b[36m<input\u001b[39m\n    \u001b[33maria-label\u001b[39m=\u001b[32m\"Background value\"\u001b[39m\n    \u001b[33mclass\u001b[39m=\u001b[32m\"file:text-foreground placeholder:text-muted-foreground selection:bg-primary selection:text-primary-foreground dark:bg-input/30 flex min-w-0 rounded-md border px-3 py-1 transition-[color,box-shadow] outline-none file:inline-flex file:h-7 file:border-0 file:bg-transparent file:text-sm file:font-medium disabled:pointer-events-none disabled:cursor-not-allowed disabled:opacity-50 md:text-sm focus-visible:border-ring focus-visible:ring-ring/50 focus-visible:ring-[3px] aria-invalid:ring-destructive/20 dark:aria-invalid:ring-destructive/40 aria-invalid:border-destructive w-16 h-7 text-xs text-center font-mono bg-[var(--prism-bg-canvas)] border-[var(--prism-bg-elevated)]\"\u001b[39m\n    \u001b[33mdata-slot\u001b[39m=\u001b[32m\"input\"\u001b[39m\n    \u001b[33mid\u001b[39m=\u001b[32m\"param-background-input\"\u001b[39m\n    \u001b[33mmax\u001b[39m=\u001b[32m\"100\"\u001b[39m\n    \u001b[33mmin\u001b[39m=\u001b[32m\"0\"\u001b[39m\n    \u001b[33mstep\u001b[39m=\u001b[32m\"1\"\u001b[39m\n    \u001b[33mtype\u001b[39m=\u001b[32m\"number\"\u001b[39m\n    \u001b[33mvalue\u001b[39m=\u001b[32m\"10\"\u001b[39m\n  \u001b[36m/>\u001b[39m\n\n  --------------------------------------------------\n  button:\n\n  Name \"Reset Brightness to default (75%)\":\n  \u001b[36m<button\u001b[39m\n    \u001b[33mclass\u001b[39m=\u001b[32m\"inline-flex items-center justify-center whitespace-nowrap text-sm font-medium transition-all disabled:pointer-events-none disabled:opacity-50 [&_svg]:pointer-events-none [&_svg:not([class*='size-'])]:size-4 shrink-0 [&_svg]:shrink-0 outline-none focus-visible:border-ring focus-visible:ring-ring/50 focus-visible:ring-[3px] aria-invalid:ring-destructive/20 dark:aria-invalid:ring-destructive/40 aria-invalid:border-destructive hover:bg-accent hover:text-accent-foreground dark:hover:bg-accent/50 rounded-md gap-1.5 has-[>svg]:px-2.5 h-7 w-7 p-0 opacity-60 hover:opacity-100\"\u001b[39m\n    \u001b[33mdata-slot\u001b[39m=\u001b[32m\"button\"\u001b[39m\n    \u001b[33mdisabled\u001b[39m=\u001b[32m\"\"\u001b[39m\n    \u001b[33mtitle\u001b[39m=\u001b[32m\"Reset Brightness to default (75%)\"\u001b[39m\n    \u001b[33mtype\u001b[39m=\u001b[32m\"button\"\u001b[39m\n  \u001b[36m/>\u001b[39m\n\n  Name \"Reset Speed to default (50%)\":\n  \u001b[36m<button\u001b[39m\n    \u001b[33mclass\u001b[39m=\u001b[32m\"inline-flex items-center justify-center whitespace-nowrap text-sm font-medium transition-all disabled:pointer-events-none disabled:opacity-50 [&_svg]:pointer-events-none [&_svg:not([class*='size-'])]:size-4 shrink-0 [&_svg]:shrink-0 outline-none focus-visible:border-ring focus-visible:ring-ring/50 focus-visible:ring-[3px] aria-invalid:ring-destructive/20 dark:aria-invalid:ring-destructive/40 aria-invalid:border-destructive hover:bg-accent hover:text-accent-foreground dark:hover:bg-accent/50 rounded-md gap-1.5 has-[>svg]:px-2.5 h-7 w-7 p-0 opacity-60 hover:opacity-100\"\u001b[39m\n    \u001b[33mdata-slot\u001b[39m=\u001b[32m\"button\"\u001b[39m\n    \u001b[33mdisabled\u001b[39m=\u001b[32m\"\"\u001b[39m\n    \u001b[33mtitle\u001b[39m=\u001b[32m\"Reset Speed to default (50%)\"\u001b[39m\n    \u001b[33mtype\u001b[39m=\u001b[32m\"button\"\u001b[39m\n  \u001b[36m/>\u001b[39m\n\n  Name \"Reset Saturation to default (80%)\":\n  \u001b[36m<button\u001b[39m\n    \u001b[33mclass\u001b[39m=\u001b[32m\"inline-flex items-center justify-center whitespace-nowrap text-sm font-medium transition-all disabled:pointer-events-none disabled:opacity-50 [&_svg]:pointer-events-none [&_svg:not([class*='size-'])]:size-4 shrink-0 [&_svg]:shrink-0 outline-none focus-visible:border-ring focus-visible:ring-ring/50 focus-visible:ring-[3px] aria-invalid:ring-destructive/20 dark:aria-invalid:ring-destructive/40 aria-invalid:border-destructive hover:bg-accent hover:text-accent-foreground dark:hover:bg-accent/50 rounded-md gap-1.5 has-[>svg]:px-2.5 h-7 w-7 p-0 opacity-60 hover:opacity-100\"\u001b[39m\n    \u001b[33mdata-slot\u001b[39m=\u001b[32m\"button\"\u001b[39m\n    \u001b[33mdisabled\u001b[39m=\u001b[32m\"\"\u001b[39m\n    \u001b[33mtitle\u001b[39m=\u001b[32m\"Reset Saturation to default (80%)\"\u001b[39m\n    \u001b[33mtype\u001b[39m=\u001b[32m\"button\"\u001b[39m\n  \u001b[36m/>\u001b[39m\n\n  Name \"Reset Warmth to default (50%)\":\n  \u001b[36m<button\u001b[39m\n    \u001b[33mclass\u001b[39m=\u001b[32m\"inline-flex items-center justify-center whitespace-nowrap text-sm font-medium transition-all disabled:pointer-events-none disabled:opacity-50 [&_svg]:pointer-events-none [&_svg:not([class*='size-'])]:size-4 shrink-0 [&_svg]:shrink-0 outline-none focus-visible:border-ring focus-visible:ring-ring/50 focus-visible:ring-[3px] aria-invalid:ring-destructive/20 dark:aria-invalid:ring-destructive/40 aria-invalid:border-destructive hover:bg-accent hover:text-accent-foreground dark:hover:bg-accent/50 rounded-md gap-1.5 has-[>svg]:px-2.5 h-7 w-7 p-0 opacity-60 hover:opacity-100\"\u001b[39m\n    \u001b[33mdata-slot\u001b[39m=\u001b[32m\"button\"\u001b[39m\n    \u001b[33mdisabled\u001b[39m=\u001b[32m\"\"\u001b[39m\n    \u001b[33mtitle\u001b[39m=\u001b[32m\"Reset Warmth to default (50%)\"\u001b[39m\n    \u001b[33mtype\u001b[39m=\u001b[32m\"button\"\u001b[39m\n  \u001b[36m/>\u001b[39m\n\n  Name \"Reset Softness to default (30%)\":\n  \u001b[36m<button\u001b[39m\n    \u001b[33mclass\u001b[39m=\u001b[32m\"inline-flex items-center justify-center whitespace-nowrap text-sm font-medium transition-all disabled:pointer-events-none disabled:opacity-50 [&_svg]:pointer-events-none [&_svg:not([class*='size-'])]:size-4 shrink-0 [&_svg]:shrink-0 outline-none focus-visible:border-ring focus-visible:ring-ring/50 focus-visible:ring-[3px] aria-invalid:ring-destructive/20 dark:aria-invalid:ring-destructive/40 aria-invalid:border-destructive hover:bg-accent hover:text-accent-foreground dark:hover:bg-accent/50 rounded-md gap-1.5 has-[>svg]:px-2.5 h-7 w-7 p-0 opacity-60 hover:opacity-100\"\u001b[39m\n    \u001b[33mdata-slot\u001b[39m=\u001b[32m\"button\"\u001b[39m\n    \u001b[33mdisabled\u001b[39m=\u001b[32m\"\"\u001b[39m\n    \u001b[33mtitle\u001b[39m=\u001b[32m\"Reset Softness to default (30%)\"\u001b[39m\n    \u001b[33mtype\u001b[39m=\u001b[32m\"button\"\u001b[39m\n  \u001b[36m/>\u001b[39m\n\n  Name \"Reset Background to default (10%)\":\n  \u001b[36m<button\u001b[39m\n    \u001b[33mclass\u001b[39m=\u001b[32m\"inline-flex items-center justify-center whitespace-nowrap text-sm font-medium transition-all disabled:pointer-events-none disabled:opacity-50 [&_svg]:pointer-events-none [&_svg:not([class*='size-'])]:size-4 shrink-0 [&_svg]:shrink-0 outline-none focus-visible:border-ring focus-visible:ring-ring/50 focus-visible:ring-[3px] aria-invalid:ring-destructive/20 dark:aria-invalid:ring-destructive/40 aria-invalid:border-destructive hover:bg-accent hover:text-accent-foreground dark:hover:bg-accent/50 rounded-md gap-1.5 has-[>svg]:px-2.5 h-7 w-7 p-0 opacity-60 hover:opacity-100\"\u001b[39m\n    \u001b[33mdata-slot\u001b[39m=\u001b[32m\"button\"\u001b[39m\n    \u001b[33mdisabled\u001b[39m=\u001b[32m\"\"\u001b[39m\n    \u001b[33mtitle\u001b[39m=\u001b[32m\"Reset Background to default (10%)\"\u001b[39m\n    \u001b[33mtype\u001b[39m=\u001b[32m\"button\"\u001b[39m\n  \u001b[36m/>\u001b[39m\n\n  Name \"Reset All\":\n  \u001b[36m<button\u001b[39m\n    \u001b[33mclass\u001b[39m=\u001b[32m\"inline-flex items-center justify-center whitespace-nowrap font-medium transition-all disabled:pointer-events-none disabled:opacity-50 [&_svg]:pointer-events-none [&_svg:not([class*='size-'])]:size-4 shrink-0 [&_svg]:shrink-0 outline-none focus-visible:border-ring focus-visible:ring-ring/50 focus-visible:ring-[3px] aria-invalid:ring-destructive/20 dark:aria-invalid:ring-destructive/40 aria-invalid:border-destructive border bg-background text-foreground hover:bg-accent hover:text-accent-foreground dark:bg-input/30 dark:border-input dark:hover:bg-input/50 h-8 rounded-md gap-1.5 px-3 has-[>svg]:px-2.5 text-xs\"\u001b[39m\n    \u001b[33mdata-slot\u001b[39m=\u001b[32m\"button\"\u001b[39m\n    \u001b[33mdisabled\u001b[39m=\u001b[32m\"\"\u001b[39m\n  \u001b[36m/>\u001b[39m\n\n  Name \"Save\":\n  \u001b[36m<button\u001b[39m\n    \u001b[33mclass\u001b[39m=\u001b[32m\"inline-flex items-center justify-center whitespace-nowrap font-medium transition-all disabled:pointer-events-none disabled:opacity-50 [&_svg]:pointer-events-none [&_svg:not([class*='size-'])]:size-4 shrink-0 [&_svg]:shrink-0 outline-none focus-visible:border-ring focus-visible:ring-ring/50 focus-visible:ring-[3px] aria-invalid:ring-destructive/20 dark:aria-invalid:ring-destructive/40 aria-invalid:border-destructive border bg-background text-foreground hover:bg-accent hover:text-accent-foreground dark:bg-input/30 dark:border-input dark:hover:bg-input/50 h-8 rounded-md gap-1.5 px-3 has-[>svg]:px-2.5 text-xs\"\u001b[39m\n    \u001b[33mdata-slot\u001b[39m=\u001b[32m\"button\"\u001b[39m\n    \u001b[33mdisabled\u001b[39m=\u001b[32m\"\"\u001b[39m\n  \u001b[36m/>\u001b[39m\n\n  --------------------------------------------------\n  slider:\n\n  Name \"\":\n  \u001b[36m<input\u001b[39m\n    \u001b[33mclass\u001b[39m=\u001b[32m\"w-full h-2 rounded-lg bg-muted appearance-none [&::-webkit-slider-thumb]:appearance-none [&::-webkit-slider-thumb]:w-4 [&::-webkit-slider-thumb]:h-4 [&::-webkit-slider-thumb]:rounded-full [&::-webkit-slider-thumb]:bg-primary [&::-moz-range-thumb]:w-4 [&::-moz-range-thumb]:h-4 [&::-moz-range-thumb]:border-0 [&::-moz-range-thumb]:rounded-full [&::-moz-range-thumb]:bg-primary\"\u001b[39m\n    \u001b[33mmax\u001b[39m=\u001b[32m\"100\"\u001b[39m\n    \u001b[33mmin\u001b[39m=\u001b[32m\"0\"\u001b[39m\n    \u001b[33mstep\u001b[39m=\u001b[32m\"1\"\u001b[39m\n    \u001b[33mtype\u001b[39m=\u001b[32m\"range\"\u001b[39m\n    \u001b[33mvalue\u001b[39m=\u001b[32m\"75\"\u001b[39m\n  \u001b[36m/>\u001b[39m\n\n  Name \"\":\n  \u001b[36m<input\u001b[39m\n    \u001b[33mclass\u001b[39m=\u001b[32m\"w-full h-2 rounded-lg bg-muted appearance-none [&::-webkit-slider-thumb]:appearance-none [&::-webkit-slider-thumb]:w-4 [&::-webkit-slider-thumb]:h-4 [&::-webkit-slider-thumb]:rounded-full [&::-webkit-slider-thumb]:bg-primary [&::-moz-range-thumb]:w-4 [&::-moz-range-thumb]:h-4 [&::-moz-range-thumb]:border-0 [&::-moz-range-thumb]:rounded-full [&::-moz-range-thumb]:bg-primary\"\u001b[39m\n    \u001b[33mmax\u001b[39m=\u001b[32m\"100\"\u001b[39m\n    \u001b[33mmin\u001b[39m=\u001b[32m\"0\"\u001b[39m\n    \u001b[33mstep\u001b[39m=\u001b[32m\"1\"\u001b[39m\n    \u001b[33mtype\u001b[39m=\u001b[32m\"range\"\u001b[39m\n    \u001b[33mvalue\u001b[39m=\u001b[32m\"50\"\u001b[39m\n  \u001b[36m/>\u001b[39m\n\n  Name \"\":\n  \u001b[36m<input\u001b[39m\n    \u001b[33mclass\u001b[39m=\u001b[32m\"w-full h-2 rounded-lg bg-muted appearance-none [&::-webkit-slider-thumb]:appearance-none [&::-webkit-slider-thumb]:w-4 [&::-webkit-slider-thumb]:h-4 [&::-webkit-slider-thumb]:rounded-full [&::-webkit-slider-thumb]:bg-primary [&::-moz-range-thumb]:w-4 [&::-moz-range-thumb]:h-4 [&::-moz-range-thumb]:border-0 [&::-moz-range-thumb]:rounded-full [&::-moz-range-thumb]:bg-primary\"\u001b[39m\n    \u001b[33mmax\u001b[39m=\u001b[32m\"100\"\u001b[39m\n    \u001b[33mmin\u001b[39m=\u001b[32m\"0\"\u001b[39m\n    \u001b[33mstep\u001b[39m=\u001b[32m\"1\"\u001b[39m\n    \u001b[33mtype\u001b[39m=\u001b[32m\"range\"\u001b[39m\n    \u001b[33mvalue\u001b[39m=\u001b[32m\"80\"\u001b[39m\n  \u001b[36m/>\u001b[39m\n\n  Name \"\":\n  \u001b[36m<input\u001b[39m\n    \u001b[33mclass\u001b[39m=\u001b[32m\"w-full h-2 rounded-lg bg-muted appearance-none [&::-webkit-slider-thumb]:appearance-none [&::-webkit-slider-thumb]:w-4 [&::-webkit-slider-thumb]:h-4 [&::-webkit-slider-thumb]:rounded-full [&::-webkit-slider-thumb]:bg-primary [&::-moz-range-thumb]:w-4 [&::-moz-range-thumb]:h-4 [&::-moz-range-thumb]:border-0 [&::-moz-range-thumb]:rounded-full [&::-moz-range-thumb]:bg-primary\"\u001b[39m\n    \u001b[33mmax\u001b[39m=\u001b[32m\"100\"\u001b[39m\n    \u001b[33mmin\u001b[39m=\u001b[32m\"0\"\u001b[39m\n    \u001b[33mstep\u001b[39m=\u001b[32m\"1\"\u001b[39m\n    \u001b[33mtype\u001b[39m=\u001b[32m\"range\"\u001b[39m\n    \u001b[33mvalue\u001b[39m=\u001b[32m\"50\"\u001b[39m\n  \u001b[36m/>\u001b[39m\n\n  Name \"\":\n  \u001b[36m<input\u001b[39m\n    \u001b[33mclass\u001b[39m=\u001b[32m\"w-full h-2 rounded-lg bg-muted appearance-none [&::-webkit-slider-thumb]:appearance-none [&::-webkit-slider-thumb]:w-4 [&::-webkit-slider-thumb]:h-4 [&::-webkit-slider-thumb]:rounded-full [&::-webkit-slider-thumb]:bg-primary [&::-moz-range-thumb]:w-4 [&::-moz-range-thumb]:h-4 [&::-moz-range-thumb]:border-0 [&::-moz-range-thumb]:rounded-full [&::-moz-range-thumb]:bg-primary\"\u001b[39m\n    \u001b[33mmax\u001b[39m=\u001b[32m\"100\"\u001b[39m\n    \u001b[33mmin\u001b[39m=\u001b[32m\"0\"\u001b[39m\n    \u001b[33mstep\u001b[39m=\u001b[32m\"1\"\u001b[39m\n    \u001b[33mtype\u001b[39m=\u001b[32m\"range\"\u001b[39m\n    \u001b[33mvalue\u001b[39m=\u001b[32m\"30\"\u001b[39m\n  \u001b[36m/>\u001b[39m\n\n  Name \"\":\n  \u001b[36m<input\u001b[39m\n    \u001b[33mclass\u001b[39m=\u001b[32m\"w-full h-2 rounded-lg bg-muted appearance-none [&::-webkit-slider-thumb]:appearance-none [&::-webkit-slider-thumb]:w-4 [&::-webkit-slider-thumb]:h-4 [&::-webkit-slider-thumb]:rounded-full [&::-webkit-slider-thumb]:bg-primary [&::-moz-range-thumb]:w-4 [&::-moz-range-thumb]:h-4 [&::-moz-range-thumb]:border-0 [&::-moz-range-thumb]:rounded-full [&::-moz-range-thumb]:bg-primary\"\u001b[39m\n    \u001b[33mmax\u001b[39m=\u001b[32m\"100\"\u001b[39m\n    \u001b[33mmin\u001b[39m=\u001b[32m\"0\"\u001b[39m\n    \u001b[33mstep\u001b[39m=\u001b[32m\"1\"\u001b[39m\n    \u001b[33mtype\u001b[39m=\u001b[32m\"range\"\u001b[39m\n    \u001b[33mvalue\u001b[39m=\u001b[32m\"10\"\u001b[39m\n  \u001b[36m/>\u001b[39m\n\n  --------------------------------------------------\n\nIgnored nodes: comments, script, style\n\u001b[36m<body>\u001b[39m\n  \u001b[36m<div>\u001b[39m\n    \u001b[36m<div\u001b[39m\n      \u001b[33mclass\u001b[39m=\u001b[32m\"space-y-6 \"\u001b[39m\n    \u001b[36m>\u001b[39m\n      \u001b[36m<div\u001b[39m\n        \u001b[33mclass\u001b[39m=\u001b[32m\"flex items-center justify-between\"\u001b[39m\n      \u001b[36m>\u001b[39m\n        \u001b[36m<div>\u001b[39m\n          \u001b[36m<h2\u001b[39m\n            \u001b[33mclass\u001b[39m=\u001b[32m\"text-lg font-semibold text-[var(--prism-text-primary)]\"\u001b[39m\n          \u001b[36m>\u001b[39m\n            \u001b[0mReal-Time Parameters\u001b[0m\n          \u001b[36m</h2>\u001b[39m\n          \u001b[36m<p\u001b[39m\n            \u001b[33mclass\u001b[39m=\u001b[32m\"text-sm text-[var(--prism-text-secondary)]\"\u001b[39m\n          \u001b[36m>\u001b[39m\n            \u001b[0mPattern: \u001b[0m\n            \u001b[0mtest-pattern\u001b[0m\n            \u001b[0m • ≤100ms response time\u001b[0m\n          \u001b[36m</p>\u001b[39m\n        \u001b[36m</div>\u001b[39m\n        \u001b[36m<div\u001b[39m\n          \u001b[33mclass\u001b[39m=\u001b[32m\"flex items-center gap-2\"\u001b[39m\n        \u001b[36m>\u001b[39m\n          \u001b[36m<div\u001b[39m\n            \u001b[33mclass\u001b[39m=\u001b[32m\"w-2 h-2 rounded-full bg-green-500 shadow-[0_0_8px_rgba(34,197,94,0.5)]\"\u001b[39m\n          \u001b[36m/>\u001b[39m\n        \u001b[36m</div>\u001b[39m\n      \u001b[36m</div>\u001b[39m\n      \u001b[36m<div\u001b[39m\n        \u001b[33mclass\u001b[39m=\u001b[32m\"space-y-4\"\u001b[39m\n      \u001b[36m>\u001b[39m\n        \u001b[36m<div\u001b[39m\n          \u001b[33mclass\u001b[39m=\u001b[32m\"space-y-3 bg-[var(--prism-bg-surface)] border border-[var(--prism-bg-elevated)] rounded-lg p-4\"\u001b[39m\n        \u001b[36m>\u001b[39m\n          \u001b[36m<div\u001b[39m\n            \u001b[33mclass\u001b[39m=\u001b[32m\"flex items-center justify-between\"\u001b[39m\n          \u001b[36m>\u001b[39m\n            \u001b[36m<div\u001b[39m\n              \u001b[33mclass\u001b[39m=\u001b[32m\"flex items-center gap-2\"\u001b[39m\n            \u001b[36m>\u001b[39m\n              \u001b[36m<span\u001b[39m\n                \u001b[33maria-label\u001b[39m=\u001b[32m\"Brightness\"\u001b[39m\n                \u001b[33mclass\u001b[39m=\u001b[32m\"text-lg\"\u001b[39m\n                \u001b[33mrole\u001b[39m=\u001b[32m\"img\"\u001b[39m\n              \u001b[36m>\u001b[39m\n                \u001b[0m💡\u001b[0m\n              \u001b[36m</span>\u001b[39m\n              \u001b[36m<label\u001b[39m\n                \u001b[33mclass\u001b[39m=\u001b[32m\"flex items-center gap-2 select-none peer-disabled:cursor-not-allowed peer-disabled:opacity-50 text-sm font-medium text-[var(--prism-text-primary)]\"\u001b[39m\n                \u001b[33mdata-slot\u001b[39m=\u001b[32m\"label\"\u001b[39m\n                \u001b[33mfor\u001b[39m=\u001b[32m\"param-brightness\"\u001b[39m\n              \u001b[36m>\u001b[39m\n                \u001b[0mBrightness\u001b[0m\n              \u001b[36m</label>\u001b[39m\n            \u001b[36m</div>\u001b[39m\n            \u001b[36m<div\u001b[39m\n              \u001b[33mclass\u001b[39m=\u001b[32m\"flex items-center gap-2\"\u001b[39m\n            \u001b[36m>\u001b[39m\n              \u001b[36m<div\u001b[39m\n                \u001b[33mclass\u001b[39m=\u001b[32m\"relative\"\u001b[39m\n              \u001b[36m>\u001b[39m\n                \u001b[36m<input\u001b[39m\n                  \u001b[33maria-label\u001b[39m=\u001b[32m\"Brightness value\"\u001b[39m\n                  \u001b[33mclass\u001b[39m=\u001b[32m\"file:text-foreground placeholder:text-muted-foreground selection:bg-primary selection:text-primary-foreground dark:bg-input/30 flex min-w-0 rounded-md border px-3 py-1 transition-[color,box-shadow] outline-none file:inline-flex file:h-7 file:border-0 file:bg-transparent file:text-sm file:font-medium disabled:pointer-events-none disabled:cursor-not-allowed disabled:opacity-50 md:text-sm focus-visible:border-ring focus-visible:ring-ring/50 focus-visible:ring-[3px] aria-invalid:ring-destructive/20 dark:aria-invalid:ring-destructive/40 aria-invalid:border-destructive w-16 h-7 text-xs text-center font-mono bg-[var(--prism-bg-canvas)] border-[var(--prism-bg-elevated)]\"\u001b[39m\n                  \u001b[33mdata-slot\u001b[39m=\u001b[32m\"input\"\u001b[39m\n                  \u001b[33mid\u001b[39m=\u001b[32m\"param-brightness-input\"\u001b[39m\n                  \u001b[33mmax\u001b[39m=\u001b[32m\"100\"\u001b[39m\n                  \u001b[33mmin\u001b[39m=\u001b[32m\"0\"\u001b[39m\n                  \u001b[33mstep\u001b[39m=\u001b[32m\"1\"\u001b[39m\n                  \u001b[33mtype\u001b[39m=\u001b[32m\"number\"\u001b[39m\n                  \u001b[33mvalue\u001b[39m=\u001b[32m\"75\"\u001b[39m\n                \u001b[36m/>\u001b[39m\n                \u001b[36m<span\u001b[39m\n                  \u001b[33mclass\u001b[39m=\u001b[32m\"absolute right-1 top-1/2 -translate-y-1/2 text-[10px] text-[var(--prism-text-secondary)] pointer-events-none\"\u001b[39m\n                \u001b[36m>\u001b[39m\n                  \u001b[0m%\u001b[0m\n                \u001b[36m</span>\u001b[39m\n              \u001b[36m</div>\u001b[39m\n              \u001b[36m<button\u001b[39m\n                \u001b[33mclass\u001b[39m=\u001b[32m\"inline-flex items-center justify-center whitespace-nowrap text-sm font-medium transition-all disabled:pointer-events-none disabled:opacity-50 [&_svg]:pointer-events-none [&_svg:not([class*='size-'])]:size-4 shrink-0 [&_svg]:shrink-0 outline-none focus-visible:border-ring focus-visible:ring-ring/50 focus-visible:ring-[3px] aria-invalid:ring-destructive/20 dark:aria-invalid:ring-destructive/40 aria-invalid:border-destructive hover:bg-accent hover:text-accent-foreground dark:hover:bg-accent/50 rounded-md gap-1.5 has-[>svg]:px-2.5 h-7 w-7 p-0 opacity-60 hover:opacity-100\"\u001b[39m\n                \u001b[33mdata-slot\u001b[39m=\u001b[32m\"button\"\u001b[39m\n                \u001b[33mdisabled\u001b[39m=\u001b[32m\"\"\u001b[39m\n                \u001b[33mtitle\u001b[39m=\u001b[32m\"Reset Brightness to default (75%)\"\u001b[39m\n                \u001b[33mtype\u001b[39m=\u001b[32m\"button\"\u001b[39m\n              \u001b[36m>\u001b[39m\n                \u001b[36m<svg\u001b[39m\n                  \u001b[33mclass\u001b[39m=\u001b[32m\"lucide lucide-rotate-ccw w-3 h-3\"\u001b[39m\n                  \u001b[33mfill\u001b[39m=\u001b[32m\"none\"\u001b[39m\n                  \u001b[33mheight\u001b[39m=\u001b[32m\"24\"\u001b[39m\n                  \u001b[33mstroke\u001b[39m=\u001b[32m\"currentColor\"\u001b[39m\n                  \u001b[33mstroke-linecap\u001b[39m=\u001b[32m\"round\"\u001b[39m\n                  \u001b[33mstroke-linejoin\u001b[39m=\u001b[32m\"round\"\u001b[39m\n                  \u001b[33mstroke-width\u001b[39m=\u001b[32m\"2\"\u001b[39m\n                  \u001b[33mviewBox\u001b[39m=\u001b[32m\"0 0 24 24\"\u001b[39m\n                  \u001b[33mwidth\u001b[39m=\u001b[32m\"24\"\u001b[39m\n                  \u001b[33mxmlns\u001b[39m=\u001b[32m\"http://www.w3.org/2000/svg\"\u001b[39m\n                \u001b[36m>\u001b[39m\n                  \u001b[36m<path\u001b[39m\n                    \u001b[33md\u001b[39m=\u001b[32m\"M3 12a9 9 0 1 0 9-9 9.75 9.75 0 0 0-6.74 2.74L3 8\"\u001b[39m\n                  \u001b[36m/>\u001b[39m\n                  \u001b[36m<path\u001b[39m\n                    \u001b[33md\u001b[39m=\u001b[32m\"M3 3v5h5\"\u001b[39m\n                  \u001b[36m/>\u001b[39m\n                \u001b[36m</svg>\u001b[39m\n              \u001b[36m</button>\u001b[39m\n            \u001b[36m</div>\u001b[39m\n          \u001b[36m</div>\u001b[39m\n          \u001b[36m<div\u001b[39m\n            \u001b[33mclass\u001b[39m=\u001b[32m\"px-1\"\u001b[39m\n          \u001b[36m>\u001b[39m\n            \u001b[36m<div\u001b[39m\n              \u001b[33mclass\u001b[39m=\u001b[32m\"relative flex select-none items-center w-full\"\u001b[39m\n              \u001b[33mdata-slot\u001b[39m=\u001b[32m\"slider\"\u001b[39m\n            \u001b[36m>\u001b[39m\n              \u001b[36m<input\u001b[39m\n                \u001b[33mclass\u001b[39m=\u001b[32m\"w-full h-2 rounded-lg bg-muted appearance-none [&::-webkit-slider-thumb]:appearance-none [&::-webkit-slider-thumb]:w-4 [&::-webkit-slider-thumb]:h-4 [&::-webkit-slider-thumb]:rounded-full [&::-webkit-slider-thumb]:bg-primary [&::-moz-range-thumb]:w-4 [&::-moz-range-thumb]:h-4 [&::-moz-range-thumb]:border-0 [&::-moz-range-thumb]:rounded-full [&::-moz-range-thumb]:bg-primary\"\u001b[39m\n                \u001b[33mmax\u001b[39m=\u001b[32m\"100\"\u001b[39m\n                \u001b[33mmin\u001b[39m=\u001b[32m\"0\"\u001b[39m\n                \u001b[33mstep\u001b[39m=\u001b[32m\"1\"\u001b[39m\n                \u001b[33mtype\u001b[39m=\u001b[32m\"range\"\u001b[39m\n                \u001b[33mvalue\u001b[39m=\u001b[32m\"75\"\u001b[39m\n              \u001b[36m/>\u001b[39m\n            \u001b[36...\n    at Object.getElementError (/Users/spectrasynq/Workspace_Management/Software/K1.reinvented/webapp/node_modules/@testing-library/dom/dist/config.js:37:19)\n    at /Users/spectrasynq/Workspace_Management/Software/K1.reinvented/webapp/node_modules/@testing-library/dom/dist/query-helpers.js:76:38\n    at /Users/spectrasynq/Workspace_Management/Software/K1.reinvented/webapp/node_modules/@testing-library/dom/dist/query-helpers.js:52:17\n    at /Users/spectrasynq/Workspace_Management/Software/K1.reinvented/webapp/node_modules/@testing-library/dom/dist/query-helpers.js:95:19\n    at Object.<anonymous> (/Users/spectrasynq/Workspace_Management/Software/K1.reinvented/webapp/src/components/control/__tests__/RealTimeParameterControls.test.tsx:206:39)\n    at Promise.finally.completed (/Users/spectrasynq/Workspace_Management/Software/K1.reinvented/webapp/node_modules/jest-circus/build/jestAdapterInit.js:1557:28)\n    at new Promise (<anonymous>)\n    at callAsyncCircusFn (/Users/spectrasynq/Workspace_Management/Software/K1.reinvented/webapp/node_modules/jest-circus/build/jestAdapterInit.js:1497:10)\n    at _callCircusTest (/Users/spectrasynq/Workspace_Management/Software/K1.reinvented/webapp/node_modules/jest-circus/build/jestAdapterInit.js:1007:40)\n    at _runTest (/Users/spectrasynq/Workspace_Management/Software/K1.reinvented/webapp/node_modules/jest-circus/build/jestAdapterInit.js:947:3)\n    at /Users/spectrasynq/Workspace_Management/Software/K1.reinvented/webapp/node_modules/jest-circus/build/jestAdapterInit.js:849:7\n    at _runTestsForDescribeBlock (/Users/spectrasynq/Workspace_Management/Software/K1.reinvented/webapp/node_modules/jest-circus/build/jestAdapterInit.js:862:11)\n    at _runTestsForDescribeBlock (/Users/spectrasynq/Workspace_Management/Software/K1.reinvented/webapp/node_modules/jest-circus/build/jestAdapterInit.js:857:11)\n    at _runTestsForDescribeBlock (/Users/spectrasynq/Workspace_Management/Software/K1.reinvented/webapp/node_modules/jest-circus/build/jestAdapterInit.js:857:11)\n    at run (/Users/spectrasynq/Workspace_Management/Software/K1.reinvented/webapp/node_modules/jest-circus/build/jestAdapterInit.js:761:3)\n    at runAndTransformResultsToJestFormat (/Users/spectrasynq/Workspace_Management/Software/K1.reinvented/webapp/node_modules/jest-circus/build/jestAdapterInit.js:1918:21)\n    at jestAdapter (/Users/spectrasynq/Workspace_Management/Software/K1.reinvented/webapp/node_modules/jest-circus/build/runner.js:101:19)\n    at runTestInternal (/Users/spectrasynq/Workspace_Management/Software/K1.reinvented/webapp/node_modules/jest-runner/build/index.js:275:16)\n    at runTest (/Users/spectrasynq/Workspace_Management/Software/K1.reinvented/webapp/node_modules/jest-runner/build/index.js:343:7)"],"fullName":"RealTimeParameterControls Parameter Updates and Coalescing coalesces rapid parameter changes within 80ms window","invocations":1,"location":null,"numPassingAsserts":0,"retryReasons":[],"startAt":1762098430694,"status":"failed","title":"coalesces rapid parameter changes within 80ms window"},{"ancestorTitles":["RealTimeParameterControls","Parameter Updates and Coalescing"],"duration":58,"failing":false,"failureDetails":[{"name":"TestingLibraryElementError"}],"failureMessages":["TestingLibraryElementError: Unable to find an accessible element with the role \"slider\" and name `/brightness/i`\n\nHere are the accessible roles:\n\n  heading:\n\n  Name \"Real-Time Parameters\":\n  \u001b[36m<h2\u001b[39m\n    \u001b[33mclass\u001b[39m=\u001b[32m\"text-lg font-semibold text-[var(--prism-text-primary)]\"\u001b[39m\n  \u001b[36m/>\u001b[39m\n\n  --------------------------------------------------\n  paragraph:\n\n  Name \"\":\n  \u001b[36m<p\u001b[39m\n    \u001b[33mclass\u001b[39m=\u001b[32m\"text-sm text-[var(--prism-text-secondary)]\"\u001b[39m\n  \u001b[36m/>\u001b[39m\n\n  --------------------------------------------------\n  img:\n\n  Name \"Brightness\":\n  \u001b[36m<span\u001b[39m\n    \u001b[33maria-label\u001b[39m=\u001b[32m\"Brightness\"\u001b[39m\n    \u001b[33mclass\u001b[39m=\u001b[32m\"text-lg\"\u001b[39m\n    \u001b[33mrole\u001b[39m=\u001b[32m\"img\"\u001b[39m\n  \u001b[36m/>\u001b[39m\n\n  Name \"Speed\":\n  \u001b[36m<span\u001b[39m\n    \u001b[33maria-label\u001b[39m=\u001b[32m\"Speed\"\u001b[39m\n    \u001b[33mclass\u001b[39m=\u001b[32m\"text-lg\"\u001b[39m\n    \u001b[33mrole\u001b[39m=\u001b[32m\"img\"\u001b[39m\n  \u001b[36m/>\u001b[39m\n\n  Name \"Saturation\":\n  \u001b[36m<span\u001b[39m\n    \u001b[33maria-label\u001b[39m=\u001b[32m\"Saturation\"\u001b[39m\n    \u001b[33mclass\u001b[39m=\u001b[32m\"text-lg\"\u001b[39m\n    \u001b[33mrole\u001b[39m=\u001b[32m\"img\"\u001b[39m\n  \u001b[36m/>\u001b[39m\n\n  Name \"Warmth\":\n  \u001b[36m<span\u001b[39m\n    \u001b[33maria-label\u001b[39m=\u001b[32m\"Warmth\"\u001b[39m\n    \u001b[33mclass\u001b[39m=\u001b[32m\"text-lg\"\u001b[39m\n    \u001b[33mrole\u001b[39m=\u001b[32m\"img\"\u001b[39m\n  \u001b[36m/>\u001b[39m\n\n  Name \"Softness\":\n  \u001b[36m<span\u001b[39m\n    \u001b[33maria-label\u001b[39m=\u001b[32m\"Softness\"\u001b[39m\n    \u001b[33mclass\u001b[39m=\u001b[32m\"text-lg\"\u001b[39m\n    \u001b[33mrole\u001b[39m=\u001b[32m\"img\"\u001b[39m\n  \u001b[36m/>\u001b[39m\n\n  Name \"Background\":\n  \u001b[36m<span\u001b[39m\n    \u001b[33maria-label\u001b[39m=\u001b[32m\"Background\"\u001b[39m\n    \u001b[33mclass\u001b[39m=\u001b[32m\"text-lg\"\u001b[39m\n    \u001b[33mrole\u001b[39m=\u001b[32m\"img\"\u001b[39m\n  \u001b[36m/>\u001b[39m\n\n  --------------------------------------------------\n  spinbutton:\n\n  Name \"Brightness value\":\n  \u001b[36m<input\u001b[39m\n    \u001b[33maria-label\u001b[39m=\u001b[32m\"Brightness value\"\u001b[39m\n    \u001b[33mclass\u001b[39m=\u001b[32m\"file:text-foreground placeholder:text-muted-foreground selection:bg-primary selection:text-primary-foreground dark:bg-input/30 flex min-w-0 rounded-md border px-3 py-1 transition-[color,box-shadow] outline-none file:inline-flex file:h-7 file:border-0 file:bg-transparent file:text-sm file:font-medium disabled:pointer-events-none disabled:cursor-not-allowed disabled:opacity-50 md:text-sm focus-visible:border-ring focus-visible:ring-ring/50 focus-visible:ring-[3px] aria-invalid:ring-destructive/20 dark:aria-invalid:ring-destructive/40 aria-invalid:border-destructive w-16 h-7 text-xs text-center font-mono bg-[var(--prism-bg-canvas)] border-[var(--prism-bg-elevated)]\"\u001b[39m\n    \u001b[33mdata-slot\u001b[39m=\u001b[32m\"input\"\u001b[39m\n    \u001b[33mid\u001b[39m=\u001b[32m\"param-brightness-input\"\u001b[39m\n    \u001b[33mmax\u001b[39m=\u001b[32m\"100\"\u001b[39m\n    \u001b[33mmin\u001b[39m=\u001b[32m\"0\"\u001b[39m\n    \u001b[33mstep\u001b[39m=\u001b[32m\"1\"\u001b[39m\n    \u001b[33mtype\u001b[39m=\u001b[32m\"number\"\u001b[39m\n    \u001b[33mvalue\u001b[39m=\u001b[32m\"75\"\u001b[39m\n  \u001b[36m/>\u001b[39m\n\n  Name \"Speed value\":\n  \u001b[36m<input\u001b[39m\n    \u001b[33maria-label\u001b[39m=\u001b[32m\"Speed value\"\u001b[39m\n    \u001b[33mclass\u001b[39m=\u001b[32m\"file:text-foreground placeholder:text-muted-foreground selection:bg-primary selection:text-primary-foreground dark:bg-input/30 flex min-w-0 rounded-md border px-3 py-1 transition-[color,box-shadow] outline-none file:inline-flex file:h-7 file:border-0 file:bg-transparent file:text-sm file:font-medium disabled:pointer-events-none disabled:cursor-not-allowed disabled:opacity-50 md:text-sm focus-visible:border-ring focus-visible:ring-ring/50 focus-visible:ring-[3px] aria-invalid:ring-destructive/20 dark:aria-invalid:ring-destructive/40 aria-invalid:border-destructive w-16 h-7 text-xs text-center font-mono bg-[var(--prism-bg-canvas)] border-[var(--prism-bg-elevated)]\"\u001b[39m\n    \u001b[33mdata-slot\u001b[39m=\u001b[32m\"input\"\u001b[39m\n    \u001b[33mid\u001b[39m=\u001b[32m\"param-speed-input\"\u001b[39m\n    \u001b[33mmax\u001b[39m=\u001b[32m\"100\"\u001b[39m\n    \u001b[33mmin\u001b[39m=\u001b[32m\"0\"\u001b[39m\n    \u001b[33mstep\u001b[39m=\u001b[32m\"1\"\u001b[39m\n    \u001b[33mtype\u001b[39m=\u001b[32m\"number\"\u001b[39m\n    \u001b[33mvalue\u001b[39m=\u001b[32m\"50\"\u001b[39m\n  \u001b[36m/>\u001b[39m\n\n  Name \"Saturation value\":\n  \u001b[36m<input\u001b[39m\n    \u001b[33maria-label\u001b[39m=\u001b[32m\"Saturation value\"\u001b[39m\n    \u001b[33mclass\u001b[39m=\u001b[32m\"file:text-foreground placeholder:text-muted-foreground selection:bg-primary selection:text-primary-foreground dark:bg-input/30 flex min-w-0 rounded-md border px-3 py-1 transition-[color,box-shadow] outline-none file:inline-flex file:h-7 file:border-0 file:bg-transparent file:text-sm file:font-medium disabled:pointer-events-none disabled:cursor-not-allowed disabled:opacity-50 md:text-sm focus-visible:border-ring focus-visible:ring-ring/50 focus-visible:ring-[3px] aria-invalid:ring-destructive/20 dark:aria-invalid:ring-destructive/40 aria-invalid:border-destructive w-16 h-7 text-xs text-center font-mono bg-[var(--prism-bg-canvas)] border-[var(--prism-bg-elevated)]\"\u001b[39m\n    \u001b[33mdata-slot\u001b[39m=\u001b[32m\"input\"\u001b[39m\n    \u001b[33mid\u001b[39m=\u001b[32m\"param-saturation-input\"\u001b[39m\n    \u001b[33mmax\u001b[39m=\u001b[32m\"100\"\u001b[39m\n    \u001b[33mmin\u001b[39m=\u001b[32m\"0\"\u001b[39m\n    \u001b[33mstep\u001b[39m=\u001b[32m\"1\"\u001b[39m\n    \u001b[33mtype\u001b[39m=\u001b[32m\"number\"\u001b[39m\n    \u001b[33mvalue\u001b[39m=\u001b[32m\"80\"\u001b[39m\n  \u001b[36m/>\u001b[39m\n\n  Name \"Warmth value\":\n  \u001b[36m<input\u001b[39m\n    \u001b[33maria-label\u001b[39m=\u001b[32m\"Warmth value\"\u001b[39m\n    \u001b[33mclass\u001b[39m=\u001b[32m\"file:text-foreground placeholder:text-muted-foreground selection:bg-primary selection:text-primary-foreground dark:bg-input/30 flex min-w-0 rounded-md border px-3 py-1 transition-[color,box-shadow] outline-none file:inline-flex file:h-7 file:border-0 file:bg-transparent file:text-sm file:font-medium disabled:pointer-events-none disabled:cursor-not-allowed disabled:opacity-50 md:text-sm focus-visible:border-ring focus-visible:ring-ring/50 focus-visible:ring-[3px] aria-invalid:ring-destructive/20 dark:aria-invalid:ring-destructive/40 aria-invalid:border-destructive w-16 h-7 text-xs text-center font-mono bg-[var(--prism-bg-canvas)] border-[var(--prism-bg-elevated)]\"\u001b[39m\n    \u001b[33mdata-slot\u001b[3
[...]
\u001b[36m<span\u001b[39m\n                    \u001b[33maria-label\u001b[39m=\u001b[32m\"Brightness\"\u001b[39m\n                    \u001b[33mclass\u001b[39m=\u001b[32m\"text-lg\"\u001b[39m\n                    \u001b[33mrole\u001b[39m=\u001b[32m\"img\"\u001b[39m\n                  \u001b[36m>\u001b[39m\n                    \u001b[0m💡\u001b[0m\n                  \u001b[36m</span>\u001b[39m\n                  \u001b[36m<label\u001b[39m\n                    \u001b[33mclass\u001b[39m=\u001b[32m\"flex items-center gap-2 select-none peer-disabled:cursor-not-allowed peer-disabled:opacity-50 text-sm font-medium text-[var(--prism-text-primary)]\"\u001b[39m\n                    \u001b[33mdata-slot\u001b[39m=\u001b[32m\"label\"\u001b[39m\n                    \u001b[33mfor\u001b[39m=\u001b[32m\"param-brightness\"\u001b[39m\n                  \u001b[36m>\u001b[39m\n                    \u001b[0mBrightness\u001b[0m\n                  \u001b[36m</label>\u001b[39m\n                \u001b[36m</div>\u001b[39m\n                \u001b[36m<div\u001b[39m\n                  \u001b[33mclass\u001b[39m=\u001b[32m\"flex items-center gap-2\"\u001b[39m\n                \u001b[36m>\u001b[39m\n                  \u001b[36m<div\u001b[39m\n                    \u001b[33mclass\u001b[39m=\u001b[32m\"relative\"\u001b[39m\n                  \u001b[36m>\u001b[39m\n                    \u001b[36m<input\u001b[39m\n                      \u001b[33maria-label\u001b[39m=\u001b[32m\"Brightness value\"\u001b[39m\n                      \u001b[33mclass\u001b[39m=\u001b[32m\"file:text-foreground placeholder:text-muted-foreground selection:bg-primary selection:text-primary-foreground dark:bg-input/30 flex min-w-0 rounded-md border px-3 py-1 transition-[color,box-shadow] outline-none file:inline-flex file:h-7 file:border-0 file:bg-transparent file:text-sm file:font-medium disabled:pointer-events-none disabled:cursor-not-allowed disabled:opacity-50 md:text-sm focus-visible:border-ring focus-visible:ring-ring/50 focus-visible:ring-[3px] aria-invalid:ring-destructive/20 dark:aria-invalid:ring-destructive/40 aria-invalid:border-destructive w-16 h-7 text-xs text-center font-mono bg-[var(--prism-bg-canvas)] border-[var(--prism-bg-elevated)]\"\u001b[39m\n                      \u001b[33mdata-slot\u001b[39m=\u001b[32m\"input\"\u001b[39m\n                      \u001b[33mid\u001b[39m=\u001b[32m\"param-brightness-input\"\u001b[39m\n                      \u001b[33mmax\u001b[39m=\u001b[32m\"100\"\u001b[39m\n                      \u001b[33mmin\u001b[39m=\u001b[32m\"0\"\u001b[39m\n                      \u001b[33mstep\u001b[39m=\u001b[32m\"1\"\u001b[39m\n                      \u001b[33mtype\u001b[39m=\u001b[32m\"number\"\u001b[39m\n                      \u001b[33mvalue\u001b[39m=\u001b[32m\"75\"\u001b[39m\n                    \u001b[36m/>\u001b[39m\n                    \u001b[36m<span\u001b[39m\n                      \u001b[33mclass\u001b[39m=\u001b[32m\"absolute right-1 top-1/2 -translate-y-1/2 text-[10px] text-[var(--prism-text-secondary)] pointer-events-none\"\u001b[39m\n                    \u001b[36m>\u001b[39m\n                      \u001b[0m%\u001b[0m\n                    \u001b[36m</span>\u001b[39m\n                  \u001b[36m</div>\u001b[39m\n                  \u001b[36m<button\u001b[39m\n                    \u001b[33mclass\u001b[39m=\u001b[32m\"inline-flex items-center justify-center whitespace-nowrap text-sm font-medium transition-all disabled:pointer-events-none disabled:opacity-50 [&_svg]:pointer-events-none [&_svg:not([class*='size-'])]:size-4 shrink-0 [&_svg]:shrink-0 outline-none focus-visible:border-ring focus-visible:ring-ring/50 focus-visible:ring-[3px] aria-invalid:ring-destructive/20 dark:aria-invalid:ring-destructive/40 aria-invalid:border-destructive hover:bg-accent hover:text-accent-foreground dark:hover:bg-accent/50 rounded-md gap-1.5 has-[>svg]:px-2.5 h-7 w-7 p-0 opacity-60 hover:opacity-100\"\u001b[39m\n                    \u001b[33mdata-slot\u001b[39m=\u001b[32m\"button\"\u001b[39m\n                    \u001b[33...\n\u001b[2m\u001b[22m\n\u001b[2m    \u001b[0m \u001b[90m 589 |\u001b[39m       \u001b[22m\n\u001b[2m     \u001b[90m 590 |\u001b[39m       \u001b[90m// Should show performance indicators\u001b[39m\u001b[22m\n\u001b[2m    \u001b[31m\u001b[1m>\u001b[22m\u001b[2m\u001b[39m\u001b[90m 591 |\u001b[39m       expect(screen\u001b[33m.\u001b[39mgetByText(\u001b[35m/ms/\u001b[39m))\u001b[33m.\u001b[39mtoBeInTheDocument()\u001b[33m;\u001b[39m \u001b[90m// Latency display\u001b[39m\u001b[22m\n\u001b[2m     \u001b[90m     |\u001b[39m                     \u001b[31m\u001b[1m^\u001b[22m\u001b[2m\u001b[39m\u001b[22m\n\u001b[2m     \u001b[90m 592 |\u001b[39m       expect(screen\u001b[33m.\u001b[39mgetByText(\u001b[35m/%/\u001b[39m))\u001b[33m.\u001b[39mtoBeInTheDocument()\u001b[33m;\u001b[39m \u001b[90m// Success rate\u001b[39m\u001b[22m\n\u001b[2m     \u001b[90m 593 |\u001b[39m     })\u001b[33m;\u001b[39m\u001b[22m\n\u001b[2m     \u001b[90m 594 |\u001b[39m     \u001b[0m\u001b[22m\n\u001b[2m\u001b[22m\n\u001b[2m      \u001b[2mat Object.getElementError (\u001b[22m\u001b[2mnode_modules/@testing-library/dom/dist/config.js\u001b[2m:37:19)\u001b[22m\u001b[2m\u001b[22m\n\u001b[2m      \u001b[2mat getElementError (\u001b[22m\u001b[2mnode_modules/@testing-library/dom/dist/query-helpers.js\u001b[2m:20:35)\u001b[22m\u001b[2m\u001b[22m\n\u001b[2m      \u001b[2mat getMultipleElementsFoundError (\u001b[22m\u001b[2mnode_modules/@testing-library/dom/dist/query-helpers.js\u001b[2m:23:10)\u001b[22m\u001b[2m\u001b[22m\n\u001b[2m      \u001b[2mat \u001b[22m\u001b[2mnode_modules/@testing-library/dom/dist/query-helpers.js\u001b[2m:55:13\u001b[22m\u001b[2m\u001b[22m\n\u001b[2m      \u001b[2mat \u001b[22m\u001b[2mnode_modules/@testing-library/dom/dist/query-helpers.js\u001b[2m:95:19\u001b[22m\u001b[2m\u001b[22m\n\u001b[2m      \u001b[2mat Object.<anonymous> (\u001b[22m\u001b[2m\u001b[0m\u001b[36msrc/components/control/__tests__/RealTimeParameterControls.test.tsx\u001b[39m\u001b[0m\u001b[2m:591:21)\u001b[22m\u001b[2m\u001b[22m\n\n\u001b[1m\u001b[31m  \u001b[1m● \u001b[22m\u001b[1mRealTimeParameterControls › Advanced Features › shows backoff badge when rate-limited (429)\u001b[39m\u001b[22m\n\n    TestingLibraryElementError: Found multiple elements with the text of: /brightness/i\n\n    Here are the matching elements:\n\n    Ignored nodes: comments, script, style\n    \u001b[36m<span\u001b[39m\n      \u001b[33maria-label\u001b[39m=\u001b[32m\"Brightness\"\u001b[39m\n      \u001b[33mclass\u001b[39m=\u001b[32m\"text-lg\"\u001b[39m\n      \u001b[33mrole\u001b[39m=\u001b[32m\"img\"\u001b[39m\n    \u001b[36m>\u001b[39m\n      \u001b[0m💡\u001b[0m\n    \u001b[36m</span>\u001b[39m\n\n    Ignored nodes: comments, script, style\n    \u001b[36m<input\u001b[39m\n      \u001b[33maria-label\u001b[39m=\u001b[32m\"Brightness value\"\u001b[39m\n      \u001b[33mclass\u001b[39m=\u001b[32m\"file:text-foreground placeholder:text-muted-foreground selection:bg-primary selection:text-primary-foreground dark:bg-input/30 flex min-w-0 rounded-md border px-3 py-1 transition-[color,box-shadow] outline-none file:inline-flex file:h-7 file:border-0 file:bg-transparent file:text-sm file:font-medium disabled:pointer-events-none disabled:cursor-not-allowed disabled:opacity-50 md:text-sm focus-visible:border-ring focus-visible:ring-ring/50 focus-visible:ring-[3px] aria-invalid:ring-destructive/20 dark:aria-invalid:ring-destructive/40 aria-invalid:border-destructive w-16 h-7 text-xs text-center font-mono bg-[var(--prism-bg-canvas)] border-[var(--prism-bg-elevated)]\"\u001b[39m\n      \u001b[33mdata-slot\u001b[39m=\u001b[32m\"input\"\u001b[39m\n      \u001b[33mid\u001b[39m=\u001b[32m\"param-brightness-input\"\u001b[39m\n      \u001b[33mmax\u001b[39m=\u001b[32m\"100\"\u001b[39m\n      \u001b[33mmin\u001b[39m=\u001b[32m\"0\"\u001b[39m\n      \u001b[33mstep\u001b[39m=\u001b[32m\"1\"\u001b[39m\n      \u001b[33mtype\u001b[39m=\u001b[32m\"number\"\u001b[39m\n      \u001b[33mvalue\u001b[39m=\u001b[32m\"75\"\u001b[39m\n    \u001b[36m/>\u001b[39m\n\n    (If this is intentional, then use the `*AllBy*` variant of the query (like `queryAllByText`, `getAllByText`, or `findAllByText`)).\n\n    Ignored nodes: comments, script, style\n    \u001b[36m<body>\u001b[39m\n      \u001b[36m<div>\u001b[39m\n        \u001b[36m<div\u001b[39m\n          \u001b[33mclass\u001b[39m=\u001b[32m\"space-y-6 \"\u001b[39m\n        \u001b[36m>\u001b[39m\n          \u001b[36m<div\u001b[39m\n            \u001b[33mclass\u001b[39m=\u001b[32m\"flex items-center justify-between\"\u001b[39m\n          \u001b[36m>\u001b[39m\n            \u001b[36m<div>\u001b[39m\n              \u001b[36m<h2\u001b[39m\n                \u001b[33mclass\u001b[39m=\u001b[32m\"text-lg font-semibold text-[var(--prism-text-primary)]\"\u001b[39m\n              \u001b[36m>\u001b[39m\n                \u001b[0mReal-Time Parameters\u001b[0m\n              \u001b[36m</h2>\u001b[39m\n              \u001b[36m<p\u001b[39m\n                \u001b[33mclass\u001b[39m=\u001b[32m\"text-sm text-[var(--prism-text-secondary)]\"\u001b[39m\n              \u001b[36m>\u001b[39m\n                \u001b[0mPattern: \u001b[0m\n                \u001b[0mtest-pattern\u001b[0m\n                \u001b[0m • ≤100ms response time\u001b[0m\n              \u001b[36m</p>\u001b[39m\n            \u001b[36m</div>\u001b[39m\n            \u001b[36m<div\u001b[39m\n              \u001b[33mclass\u001b[39m=\u001b[32m\"flex items-center gap-2\"\u001b[39m\n            \u001b[36m>\u001b[39m\n              \u001b[36m<div\u001b[39m\n                \u001b[33mclass\u001b[39m=\u001b[32m\"flex items-center gap-2 text-xs text-[var(--prism-text-secondary)]\"\u001b[39m\n              \u001b[36m>\u001b[39m\n                \u001b[36m<div\u001b[39m\n                  \u001b[33mclass\u001b[39m=\u001b[32m\"flex items-center gap-1\"\u001b[39m\n                \u001b[36m>\u001b[39m\n                  \u001b[36m<svg\u001b[39m\n                    \u001b[33mclass\u001b[39m=\u001b[32m\"lucide lucide-zap w-3 h-3\"\u001b[39m\n                    \u001b[33mfill\u001b[39m=\u001b[32m\"none\"\u001b[39m\n                    \u001b[33mheight\u001b[39m=\u001b[32m\"24\"\u001b[39m\n                    \u001b[33mstroke\u001b[39m=\u001b[32m\"currentColor\"\u001b[39m\n                    \u001b[33mstroke-linecap\u001b[39m=\u001b[32m\"round\"\u001b[39m\n                    \u001b[33mstroke-linejoin\u001b[39m=\u001b[32m\"round\"\u001b[39m\n                    \u001b[33mstroke-width\u001b[39m=\u001b[32m\"2\"\u001b[39m\n                    \u001b[33mviewBox\u001b[39m=\u001b[32m\"0 0 24 24\"\u001b[39m\n                    \u001b[33mwidth\u001b[39m=\u001b[32m\"24\"\u001b[39m\n                    \u001b[33mxmlns\u001b[39m=\u001b[32m\"http://www.w3.org/2000/svg\"\u001b[39m\n                  \u001b[36m>\u001b[39m\n                    \u001b[36m<path\u001b[39m\n                      \u001b[33md\u001b[39m=\u001b[32m\"M4 14a1 1 0 0 1-.78-1.63l9.9-10.2a.5.5 0 0 1 .86.46l-1.92 6.02A1 1 0 0 0 13 10h7a1 1 0 0 1 .78 1.63l-9.9 10.2a.5.5 0 0 1-.86-.46l1.92-6.02A1 1 0 0 0 11 14z\"\u001b[39m\n                    \u001b[36m/>\u001b[39m\n                  \u001b[36m</svg>\u001b[39m\n                  \u001b[36m<span>\u001b[39m\n                    \u001b[0m0\u001b[0m\n                    \u001b[0mms\u001b[0m\n                  \u001b[36m</span>\u001b[39m\n                \u001b[36m</div>\u001b[39m\n                \u001b[36m<span\u001b[39m\n                  \u001b[33mclass\u001b[39m=\u001b[32m\"inline-flex items-center justify-center rounded-md border font-medium w-fit whitespace-nowrap shrink-0 [&>svg]:size-3 gap-1 [&>svg]:pointer-events-none focus-visible:border-ring focus-visible:ring-ring/50 focus-visible:ring-[3px] aria-invalid:ring-destructive/20 dark:aria-invalid:ring-destructive/40 aria-invalid:border-destructive transition-[color,box-shadow] overflow-hidden border-transparent bg-primary text-primary-foreground text-[10px] px-1 py-0\"\u001b[39m\n                  \u001b[33mdata-slot\u001b[39m=\u001b[32m\"badge\"\u001b[39m\n                \u001b[36m>\u001b[39m\n                  \u001b[0m100\u001b[0m\n                  \u001b[0m%\u001b[0m\n                \u001b[36m</span>\u001b[39m\n                \u001b[36m<span\u001b[39m\n                  \u001b[33mclass\u001b[39m=\u001b[32m\"text-[10px]\"\u001b[39m\n                \u001b[36m>\u001b[39m\n                  \u001b[0m0\u001b[0m\n                  \u001b[0m/\u001b[0m\n                  \u001b[0m0\u001b[0m\n                \u001b[36m</span>\u001b[39m\n              \u001b[36m</div>\u001b[39m\n              \u001b[36m<div\u001b[39m\n                \u001b[33mclass\u001b[39m=\u001b[32m\"w-2 h-2 rounded-full bg-green-500 shadow-[0_0_8px_rgba(34,197,94,0.5)]\"\u001b[39m\n              \u001b[36m/>\u001b[39m\n            \u001b[36m</div>\u001b[39m\n          \u001b[36m</div>\u001b[39m\n          \u001b[36m<div\u001b[39m\n            \u001b[33mclass\u001b[39m=\u001b[32m\"space-y-4\"\u001b[39m\n          \u001b[36m>\u001b[39m\n            \u001b[36m<div\u001b[39m\n              \u001b[33mclass\u001b[39m=\u001b[32m\"space-y-3 bg-[var(--prism-bg-surface)] border border-[var(--prism-bg-elevated)] rounded-lg p-4\"\u001b[39m\n            \u001b[36m>\u001b[39m\n              \u001b[36m<div\u001b[39m\n                \u001b[33mclass\u001b[39m=\u001b[32m\"flex items-center justify-between\"\u001b[39m\n              \u001b[36m>\u001b[39m\n                \u001b[36m<div\u001b[39m\n                  \u001b[33mclass\u001b[39m=\u001b[32m\"flex items-center gap-2\"\u001b[39m\n                \u001b[36m>\u001b[39m\n                  \u001b[36m<span\u001b[39m\n                    \u001b[33maria-label\u001b[39m=\u001b[32m\"Brightness\"\u001b[39m\n                    \u001b[33mclass\u001b[39m=\u001b[32m\"text-lg\"\u001b[39m\n                    \u001b[33mrole\u001b[39m=\u001b[32m\"img\"\u001b[39m\n                  \u001b[36m>\u001b[39m\n                    \u001b[0m💡\u001b[0m\n                  \u001b[36m</span>\u001b[39m\n                  \u001b[36m<label\u001b[39m\n                    \u001b[33mclass\u001b[39m=\u001b[32m\"flex items-center gap-2 select-none peer-disabled:cursor-not-allowed peer-disabled:opacity-50 text-sm font-medium text-[var(--prism-text-primary)]\"\u001b[39m\n                    \u001b[33mdata-slot\u001b[39m=\u001b[32m\"label\"\u001b[39m\n                    \u001b[33mfor\u001b[39m=\u001b[32m\"param-brightness\"\u001b[39m\n                  \u001b[36m>\u001b[39m\n                    \u001b[0mBrightness\u001b[0m\n                  \u001b[36m</label>\u001b[39m\n                \u001b[36m</div>\u001b[39m\n                \u001b[36m<div\u001b[39m\n                  \u001b[33mclass\u001b[39m=\u001b[32m\"flex items-center gap-2\"\u001b[39m\n                \u001b[36m>\u001b[39m\n                  \u001b[36m<div\u001b[39m\n                    \u001b[33mclass\u001b[39m=\u001b[32m\"relative\"\u001b[39m\n                  \u001b[36m>\u001b[39m\n                    \u001b[36m<input\u001b[39m\n                      \u001b[33maria-label\u001b[39m=\u001b[32m\"Brightness value\"\u001b[39m\n                      \u001b[33mclass\u001b[39m=\u001b[32m\"file:text-foreground placeholder:text-muted-foreground selection:bg-primary selection:text-primary-foreground dark:bg-input/30 flex min-w-0 rounded-md border px-3 py-1 transition-[color,box-shadow] outline-none file:inline-flex file:h-7 file:border-0 file:bg-transparent file:text-sm file:font-medium disabled:pointer-events-none disabled:cursor-not-allowed disabled:opacity-50 md:text-sm focus-visible:border-ring focus-visible:ring-ring/50 focus-visible:ring-[3px] aria-invalid:ring-destructive/20 dark:aria-invalid:ring-destructive/40 aria-invalid:border-destructive w-16 h-7 text-xs text-center font-mono bg-[var(--prism-bg-canvas)] border-[var(--prism-bg-elevated)]\"\u001b[39m\n                      \u001b[33mdata-slot\u001b[39m=\u001b[32m\"input\"\u001b[39m\n                      \u001b[33mid\u001b[39m=\u001b[32m\"param-brightness-input\"\u001b[39m\n                      \u001b[33mmax\u001b[39m=\u001b[32m\"100\"\u001b[39m\n                      \u001b[33mmin\u001b[39m=\u001b[32m\"0\"\u001b[39m\n                      \u001b[33mstep\u001b[39m=\u001b[32m\"1\"\u001b[39m\n                      \u001b[33mtype\u001b[39m=\u001b[32m\"number\"\u001b[39m\n                      \u001b[33mvalue\u001b[39m=\u001b[32m\"75\"\u001b[39m\n                    \u001b[36m/>\u001b[39m\n                    \u001b[36m<span\u001b[39m\n                      \u001b[33mclass\u001b[39m=\u001b[32m\"absolute right-1 top-1/2 -translate-y-1/2 text-[10px] text-[var(--prism-text-secondary)] pointer-events-none\"\u001b[39m\n                    \u001b[36m>\u001b[39m\n                      \u001b[0m%\u001b[0m\n                    \u001b[36m</span>\u001b[39m\n                  \u001b[36m</div>\u001b[39m\n                  \u001b[36m<button\u001b[39m\n                    \u001b[33mclass\u001b[39m=\u001b[32m\"inline-flex items-center justify-center whitespace-nowrap text-sm font-medium transition-all disabled:pointer-events-none disabled:opacity-50 [&_svg]:pointer-events-none [&_svg:not([class*='size-'])]:size-4 shrink-0 [&_svg]:shrink-0 outline-none focus-visible:border-ring focus-visible:ring-ring/50 focus-visible:ring-[3px] aria-invalid:ring-destructive/20 dark:aria-invalid:ring-destructive/40 aria-invalid:border-destructive hover:bg-accent hover:text-accent-foreground dark:hover:bg-accent/50 rounded-md gap-1.5 has-[>svg]:px-2.5 h-7 w-7 p-0 opacity-60 hover:opacity-100\"\u001b[39m\n                    \u001b[33mdata-slot\u001b[39m=\u001b[32m\"button\"\u001b[39m\n                    \u001b[33...\n\u001b[2m\u001b[22m\n\u001b[2m    \u001b[0m \u001b[90m 620 |\u001b[39m       )\u001b[33m;\u001b[39m\u001b[22m\n\u001b[2m     \u001b[90m 621 |\u001b[39m\u001b[22m\n\u001b[2m    \u001b[31m\u001b[1m>\u001b[22m\u001b[2m\u001b[39m\u001b[90m 622 |\u001b[39m       \u001b[36mconst\u001b[39m brightnessSlider \u001b[33m=\u001b[39m screen\u001b[33m.\u001b[39mgetByLabelText(\u001b[35m/brightness/i\u001b[39m)\u001b[33m;\u001b[39m\u001b[22m\n\u001b[2m     \u001b[90m     |\u001b[39m                                       \u001b[31m\u001b[1m^\u001b[22m\u001b[2m\u001b[39m\u001b[22m\n\u001b[2m     \u001b[90m 623 |\u001b[39m       fireEvent\u001b[33m.\u001b[39mchange(brightnessSlider\u001b[33m,\u001b[39m { target\u001b[33m:\u001b[39m { value\u001b[33m:\u001b[39m \u001b[32m'80'\u001b[39m } })\u001b[33m;\u001b[39m\u001b[22m\n\u001b[2m     \u001b[90m 624 |\u001b[39m\u001b[22m\n\u001b[2m     \u001b[90m 625 |\u001b[39m       \u001b[90m// Allow performance monitor to tick and reflect backingOff state\u001b[39m\u001b[0m\u001b[22m\n\u001b[2m\u001b[22m\n\u001b[2m      \u001b[2mat Object.getElementError (\u001b[22m\u001b[2mnode_modules/@testing-library/dom/dist/config.js\u001b[2m:37:19)\u001b[22m\u001b[2m\u001b[22m\n\u001b[2m      \u001b[2mat getElementError (\u001b[22m\u001b[2mnode_modules/@testing-library/dom/dist/query-helpers.js\u001b[2m:20:35)\u001b[22m\u001b[2m\u001b[22m\n\u001b[2m      \u001b[2mat getMultipleElementsFoundError (\u001b[22m\u001b[2mnode_modules/@testing-library/dom/dist/query-helpers.js\u001b[2m:23:10)\u001b[22m\u001b[2m\u001b[22m\n\u001b[2m      \u001b[2mat \u001b[22m\u001b[2mnode_modules/@testing-library/dom/dist/query-helpers.js\u001b[2m:55:13\u001b[22m\u001b[2m\u001b[22m\n\u001b[2m      \u001b[2mat \u001b[22m\u001b[2mnode_modules/@testing-library/dom/dist/query-helpers.js\u001b[2m:95:19\u001b[22m\u001b[2m\u001b[22m\n\u001b[2m      \u001b[2mat Object.<anonymous> (\u001b[22m\u001b[2m\u001b[0m\u001b[36msrc/components/control/__tests__/RealTimeParameterControls.test.tsx\u001b[39m\u001b[0m\u001b[2m:622:39)\u001b[22m\u001b[2m\u001b[22m\n","name":"/Users/spectrasynq/Workspace_Management/Software/K1.reinvented/webapp/src/components/control/__tests__/RealTimeParameterControls.test.tsx","startTime":1762098430305,"status":"failed","summary":""}],"wasInterrupted":false}
